#
# There is insufficient memory for the Java Runtime Environment to continue.
# Native memory allocation (mmap) failed to map 192937984 bytes. Error detail: G1 virtual space
# Possible reasons:
#   The system is out of physical RAM or swap space
#   This process is running with CompressedOops enabled, and the Java Heap may be blocking the growth of the native heap
# Possible solutions:
#   Reduce memory load on the system
#   Increase physical memory or swap space
#   Check if swap backing store is full
#   Decrease Java heap size (-Xmx/-Xms)
#   Decrease number of Java threads
#   Decrease Java thread stack sizes (-Xss)
#   Set larger code cache with -XX:ReservedCodeCacheSize=
#   JVM is running with Zero Based Compressed Oops mode in which the Java heap is
#     placed in the first 32GB address space. The Java Heap base address is the
#     maximum limit for the native heap growth. Please use -XX:HeapBaseMinAddress
#     to set the Java Heap base and to place the Java Heap above 32GB virtual address.
# This output file may be truncated or incomplete.
#
#  Out of Memory Error (os_windows.cpp:3713), pid=21452, tid=22836
#
# JRE version: OpenJDK Runtime Environment Temurin-21.0.8+9 (21.0.8+9) (build 21.0.8+9-LTS)
# Java VM: OpenJDK 64-Bit Server VM Temurin-21.0.8+9 (21.0.8+9-LTS, mixed mode, sharing, tiered, compressed oops, compressed class ptrs, g1 gc, windows-amd64)
# No core dump will be written. Minidumps are not enabled by default on client versions of Windows
#

---------------  S U M M A R Y ------------

Command Line: -DkotlinLanguageServer.version=1.3.13 org.javacs.kt.MainKt

Host: 12th Gen Intel(R) Core(TM) i3-1215U, 8 cores, 19G,  Windows 11 , 64 bit Build 26100 (10.0.26100.5074)
Time: Sun Oct  5 19:44:21 2025 SE Asia Standard Time elapsed time: 2238.056488 seconds (0d 0h 37m 18s)

---------------  T H R E A D  ---------------

Current thread (0x0000018fffa78490):  VMThread "VM Thread"          [id=22836, stack(0x0000001cda700000,0x0000001cda800000) (1024K)]

Stack: [0x0000001cda700000,0x0000001cda800000]
Native frames: (J=compiled Java code, j=interpreted, Vv=VM code, C=native code)
V  [jvm.dll+0x6d2449]
V  [jvm.dll+0x8ae341]
V  [jvm.dll+0x8b08be]
V  [jvm.dll+0x8b0fa3]
V  [jvm.dll+0x280c96]
V  [jvm.dll+0x6cec15]
V  [jvm.dll+0x6c2c3a]
V  [jvm.dll+0x35867a]
V  [jvm.dll+0x360246]
V  [jvm.dll+0x3b1f9e]
V  [jvm.dll+0x3b2248]
V  [jvm.dll+0x32c8fc]
V  [jvm.dll+0x32c987]
V  [jvm.dll+0x3706fc]
V  [jvm.dll+0x36ef48]
V  [jvm.dll+0x32c0c1]
V  [jvm.dll+0x36e5ba]
V  [jvm.dll+0x8b6cbf]
V  [jvm.dll+0x8b8044]
V  [jvm.dll+0x8b8580]
V  [jvm.dll+0x8b8823]
V  [jvm.dll+0x857e6b]
V  [jvm.dll+0x6d0b0d]
C  [ucrtbase.dll+0x37b0]
C  [KERNEL32.DLL+0x2e8d7]
C  [ntdll.dll+0x8d9c]

VM_Operation (0x0000001cdbbfbd70): G1CollectForAllocation, mode: safepoint, requested by thread 0x0000018fea52d1b0


---------------  P R O C E S S  ---------------

Threads class SMR info:
_java_thread_list=0x0000018fe04439e0, length=18, elements={
0x0000018fffa94fe0, 0x0000018fffa95de0, 0x0000018fffa9d3d0, 0x0000018fffa9de20,
0x0000018fffa9ea20, 0x0000018fffa9f620, 0x0000018fffaa2090, 0x0000018fffacbb90,
0x0000018f997bfa40, 0x0000018f997da2b0, 0x0000018fea52d1b0, 0x0000018ff64c7d90,
0x0000018fea4be0f0, 0x0000018fe9748920, 0x0000018fe974a9f0, 0x0000018fe974b080,
0x0000018fe992ff10, 0x0000018fe05883f0
}

Java Threads: ( => current thread )
  0x0000018fffa94fe0 JavaThread "Reference Handler"          daemon [_thread_blocked, id=20644, stack(0x0000001cda800000,0x0000001cda900000) (1024K)]
  0x0000018fffa95de0 JavaThread "Finalizer"                  daemon [_thread_blocked, id=8904, stack(0x0000001cda900000,0x0000001cdaa00000) (1024K)]
  0x0000018fffa9d3d0 JavaThread "Signal Dispatcher"          daemon [_thread_blocked, id=19096, stack(0x0000001cdaa00000,0x0000001cdab00000) (1024K)]
  0x0000018fffa9de20 JavaThread "Attach Listener"            daemon [_thread_blocked, id=21980, stack(0x0000001cdab00000,0x0000001cdac00000) (1024K)]
  0x0000018fffa9ea20 JavaThread "Service Thread"             daemon [_thread_blocked, id=10592, stack(0x0000001cdac00000,0x0000001cdad00000) (1024K)]
  0x0000018fffa9f620 JavaThread "Monitor Deflation Thread"   daemon [_thread_blocked, id=10428, stack(0x0000001cdad00000,0x0000001cdae00000) (1024K)]
  0x0000018fffaa2090 JavaThread "C2 CompilerThread0"         daemon [_thread_blocked, id=20568, stack(0x0000001cdae00000,0x0000001cdaf00000) (1024K)]
  0x0000018fffacbb90 JavaThread "C1 CompilerThread0"         daemon [_thread_blocked, id=21792, stack(0x0000001cdaf00000,0x0000001cdb000000) (1024K)]
  0x0000018f997bfa40 JavaThread "Notification Thread"        daemon [_thread_blocked, id=21040, stack(0x0000001cdb000000,0x0000001cdb100000) (1024K)]
  0x0000018f997da2b0 JavaThread "Common-Cleaner"             daemon [_thread_blocked, id=13504, stack(0x0000001cdb100000,0x0000001cdb200000) (1024K)]
  0x0000018fea52d1b0 JavaThread "client"                            [_thread_blocked, id=10000, stack(0x0000001cdbb00000,0x0000001cdbc00000) (1024K)]
  0x0000018ff64c7d90 JavaThread "DestroyJavaVM"                     [_thread_blocked, id=22460, stack(0x0000001cda000000,0x0000001cda100000) (1024K)]
  0x0000018fea4be0f0 JavaThread "async0"                            [_thread_blocked, id=21756, stack(0x0000001cdbc00000,0x0000001cdbd00000) (1024K)]
  0x0000018fe9748920 JavaThread "async1"                            [_thread_blocked, id=4996, stack(0x0000001cdb900000,0x0000001cdba00000) (1024K)]
  0x0000018fe974a9f0 JavaThread "debounce0"                         [_thread_blocked, id=4372, stack(0x0000001cdbf00000,0x0000001cdc000000) (1024K)]
  0x0000018fe974b080 JavaThread "async2"                            [_thread_blocked, id=6888, stack(0x0000001cdc000000,0x0000001cdc100000) (1024K)]
  0x0000018fe992ff10 JavaThread "async3"                            [_thread_blocked, id=19176, stack(0x0000001cdbe00000,0x0000001cdbf00000) (1024K)]
  0x0000018fe05883f0 JavaThread "debounce1"                         [_thread_blocked, id=2712, stack(0x0000001cd9f00000,0x0000001cda000000) (1024K)]
Total: 18

Other Threads:
=>0x0000018fffa78490 VMThread "VM Thread"                           [id=22836, stack(0x0000001cda700000,0x0000001cda800000) (1024K)]
  0x0000018fffa654a0 WatcherThread "VM Periodic Task Thread"        [id=18776, stack(0x0000001cda600000,0x0000001cda700000) (1024K)]
  0x0000018ff8a4fb30 WorkerThread "GC Thread#0"                     [id=2916, stack(0x0000001cda100000,0x0000001cda200000) (1024K)]
  0x0000018fdf4159b0 WorkerThread "GC Thread#1"                     [id=1736, stack(0x0000001cdb200000,0x0000001cdb300000) (1024K)]
  0x0000018fdf413a90 WorkerThread "GC Thread#2"                     [id=21736, stack(0x0000001cdb300000,0x0000001cdb400000) (1024K)]
  0x0000018fdf413e30 WorkerThread "GC Thread#3"                     [id=22352, stack(0x0000001cdb400000,0x0000001cdb500000) (1024K)]
  0x0000018fdf4141d0 WorkerThread "GC Thread#4"                     [id=20680, stack(0x0000001cdb500000,0x0000001cdb600000) (1024K)]
  0x0000018fdf414570 WorkerThread "GC Thread#5"                     [id=18048, stack(0x0000001cdb600000,0x0000001cdb700000) (1024K)]
  0x0000018fdf414910 WorkerThread "GC Thread#6"                     [id=20188, stack(0x0000001cdb700000,0x0000001cdb800000) (1024K)]
  0x0000018fdf8179d0 WorkerThread "GC Thread#7"                     [id=2092, stack(0x0000001cdb800000,0x0000001cdb900000) (1024K)]
  0x0000018ff8a5a8a0 ConcurrentGCThread "G1 Main Marker"            [id=14972, stack(0x0000001cda200000,0x0000001cda300000) (1024K)]
  0x0000018ff8a5b3a0 WorkerThread "G1 Conc#0"                       [id=18544, stack(0x0000001cda300000,0x0000001cda400000) (1024K)]
  0x0000018fdf996430 WorkerThread "G1 Conc#1"                       [id=10924, stack(0x0000001cdba00000,0x0000001cdbb00000) (1024K)]
  0x0000018fff92e5d0 ConcurrentGCThread "G1 Refine#0"               [id=7976, stack(0x0000001cda400000,0x0000001cda500000) (1024K)]
  0x0000018fff930060 ConcurrentGCThread "G1 Service"                [id=13332, stack(0x0000001cda500000,0x0000001cda600000) (1024K)]
Total: 15

Threads with active compile tasks:
Total: 0

VM state: at safepoint (normal execution)

VM Mutex/Monitor currently owned by a thread:  ([mutex/lock_event])
[0x00007ff8d0665458] Threads_lock - owner thread: 0x0000018fffa78490
[0x00007ff8d0665558] Heap_lock - owner thread: 0x0000018fea52d1b0

Heap address: 0x00000006c4c00000, size: 5044 MB, Compressed Oops mode: Zero based, Oop shift amount: 3

CDS archive(s) mapped at: [0x0000018f9a000000-0x0000018f9ac80000-0x0000018f9ac80000), size 13107200, SharedBaseAddress: 0x0000018f9a000000, ArchiveRelocationMode: 1.
Compressed class space mapped at: 0x0000018f9b000000-0x0000018fdb000000, reserved size: 1073741824
Narrow klass base: 0x0000018f9a000000, Narrow klass shift: 0, Narrow klass range: 0x100000000

GC Precious Log:
 CardTable entry size: 512
 Card Set container configuration: InlinePtr #cards 4 size 8 Array Of Cards #cards 32 size 80 Howl #buckets 8 coarsen threshold 7372 Howl Bitmap #cards 1024 size 144 coarsen threshold 921 Card regions per heap region 1 cards per card region 8192
 CPUs: 8 total, 8 available
 Memory: 20165M
 Large Page Support: Disabled
 NUMA Support: Disabled
 Compressed Oops: Enabled (Zero based)
 Heap Region Size: 4M
 Heap Min Capacity: 8M
 Heap Initial Capacity: 316M
 Heap Max Capacity: 5044M
 Pre-touch: Disabled
 Parallel Workers: 8
 Concurrent Workers: 2
 Concurrent Refinement Workers: 8
 Periodic GC: Disabled

Heap:
 garbage-first heap   total 1024000K, used 409230K [0x00000006c4c00000, 0x0000000800000000)
  region size 4096K, 6 young (24576K), 6 survivors (24576K)
 Metaspace       used 92953K, committed 94272K, reserved 1179648K
  class space    used 9673K, committed 10368K, reserved 1048576K

Heap Regions: E=young(eden), S=young(survivor), O=old, HS=humongous(starts), HC=humongous(continues), CS=collection set, F=free, TAMS=top-at-mark-start, PB=parsable bottom
|   0|0x00000006c4c00000, 0x00000006c5000000, 0x00000006c5000000|100%|HS|  |TAMS 0x00000006c4c00000| PB 0x00000006c4c00000| Complete 
|   1|0x00000006c5000000, 0x00000006c5400000, 0x00000006c5400000|100%| O|  |TAMS 0x00000006c5000000| PB 0x00000006c5000000| Untracked 
|   2|0x00000006c5400000, 0x00000006c5800000, 0x00000006c5800000|100%| O|  |TAMS 0x00000006c5400000| PB 0x00000006c5400000| Untracked 
|   3|0x00000006c5800000, 0x00000006c5c00000, 0x00000006c5c00000|100%| O|  |TAMS 0x00000006c5800000| PB 0x00000006c5800000| Untracked 
|   4|0x00000006c5c00000, 0x00000006c6000000, 0x00000006c6000000|100%| O|  |TAMS 0x00000006c5c00000| PB 0x00000006c5c00000| Untracked 
|   5|0x00000006c6000000, 0x00000006c6400000, 0x00000006c6400000|100%| O|  |TAMS 0x00000006c6000000| PB 0x00000006c6000000| Untracked 
|   6|0x00000006c6400000, 0x00000006c6800000, 0x00000006c6800000|100%| O|  |TAMS 0x00000006c6400000| PB 0x00000006c6400000| Untracked 
|   7|0x00000006c6800000, 0x00000006c6800000, 0x00000006c6c00000|  0%| F|  |TAMS 0x00000006c6800000| PB 0x00000006c6800000| Untracked 
|   8|0x00000006c6c00000, 0x00000006c6c00000, 0x00000006c7000000|  0%| F|  |TAMS 0x00000006c6c00000| PB 0x00000006c6c00000| Untracked 
|   9|0x00000006c7000000, 0x00000006c7400000, 0x00000006c7400000|100%| O|  |TAMS 0x00000006c7000000| PB 0x00000006c7000000| Untracked 
|  10|0x00000006c7400000, 0x00000006c7800000, 0x00000006c7800000|100%| O|  |TAMS 0x00000006c7400000| PB 0x00000006c7400000| Untracked 
|  11|0x00000006c7800000, 0x00000006c7c00000, 0x00000006c7c00000|100%| O|  |TAMS 0x00000006c7800000| PB 0x00000006c7800000| Untracked 
|  12|0x00000006c7c00000, 0x00000006c7c00000, 0x00000006c8000000|  0%| F|  |TAMS 0x00000006c7c00000| PB 0x00000006c7c00000| Untracked 
|  13|0x00000006c8000000, 0x00000006c8000000, 0x00000006c8400000|  0%| F|  |TAMS 0x00000006c8000000| PB 0x00000006c8000000| Untracked 
|  14|0x00000006c8400000, 0x00000006c8800000, 0x00000006c8800000|100%| O|  |TAMS 0x00000006c8400000| PB 0x00000006c8400000| Untracked 
|  15|0x00000006c8800000, 0x00000006c8c00000, 0x00000006c8c00000|100%| O|  |TAMS 0x00000006c8800000| PB 0x00000006c8800000| Untracked 
|  16|0x00000006c8c00000, 0x00000006c8c00000, 0x00000006c9000000|  0%| F|  |TAMS 0x00000006c8c00000| PB 0x00000006c8c00000| Untracked 
|  17|0x00000006c9000000, 0x00000006c9400000, 0x00000006c9400000|100%| O|  |TAMS 0x00000006c9000000| PB 0x00000006c9000000| Untracked 
|  18|0x00000006c9400000, 0x00000006c9800000, 0x00000006c9800000|100%| O|  |TAMS 0x00000006c9400000| PB 0x00000006c9400000| Untracked 
|  19|0x00000006c9800000, 0x00000006c9800000, 0x00000006c9c00000|  0%| F|  |TAMS 0x00000006c9800000| PB 0x00000006c9800000| Untracked 
|  20|0x00000006c9c00000, 0x00000006ca000000, 0x00000006ca000000|100%| O|  |TAMS 0x00000006c9c00000| PB 0x00000006c9c00000| Untracked 
|  21|0x00000006ca000000, 0x00000006ca400000, 0x00000006ca400000|100%| O|  |TAMS 0x00000006ca000000| PB 0x00000006ca000000| Untracked 
|  22|0x00000006ca400000, 0x00000006ca800000, 0x00000006ca800000|100%| O|  |TAMS 0x00000006ca400000| PB 0x00000006ca400000| Untracked 
|  23|0x00000006ca800000, 0x00000006cac00000, 0x00000006cac00000|100%| O|  |TAMS 0x00000006ca800000| PB 0x00000006ca800000| Untracked 
|  24|0x00000006cac00000, 0x00000006cb000000, 0x00000006cb000000|100%| O|  |TAMS 0x00000006cac00000| PB 0x00000006cac00000| Untracked 
|  25|0x00000006cb000000, 0x00000006cb400000, 0x00000006cb400000|100%| O|  |TAMS 0x00000006cb000000| PB 0x00000006cb000000| Untracked 
|  26|0x00000006cb400000, 0x00000006cb800000, 0x00000006cb800000|100%| O|  |TAMS 0x00000006cb400000| PB 0x00000006cb400000| Untracked 
|  27|0x00000006cb800000, 0x00000006cbc00000, 0x00000006cbc00000|100%| O|  |TAMS 0x00000006cb800000| PB 0x00000006cb800000| Untracked 
|  28|0x00000006cbc00000, 0x00000006cc000000, 0x00000006cc000000|100%| O|  |TAMS 0x00000006cbc00000| PB 0x00000006cbc00000| Untracked 
|  29|0x00000006cc000000, 0x00000006cc400000, 0x00000006cc400000|100%| O|  |TAMS 0x00000006cc000000| PB 0x00000006cc000000| Untracked 
|  30|0x00000006cc400000, 0x00000006cc800000, 0x00000006cc800000|100%| O|  |TAMS 0x00000006cc400000| PB 0x00000006cc400000| Untracked 
|  31|0x00000006cc800000, 0x00000006ccc00000, 0x00000006ccc00000|100%| O|  |TAMS 0x00000006cc800000| PB 0x00000006cc800000| Untracked 
|  32|0x00000006ccc00000, 0x00000006cd000000, 0x00000006cd000000|100%| O|  |TAMS 0x00000006ccc00000| PB 0x00000006ccc00000| Untracked 
|  33|0x00000006cd000000, 0x00000006cd400000, 0x00000006cd400000|100%| O|  |TAMS 0x00000006cd000000| PB 0x00000006cd000000| Untracked 
|  34|0x00000006cd400000, 0x00000006cd800000, 0x00000006cd800000|100%| O|  |TAMS 0x00000006cd400000| PB 0x00000006cd400000| Untracked 
|  35|0x00000006cd800000, 0x00000006cdc00000, 0x00000006cdc00000|100%| O|  |TAMS 0x00000006cd800000| PB 0x00000006cd800000| Untracked 
|  36|0x00000006cdc00000, 0x00000006ce000000, 0x00000006ce000000|100%| O|  |TAMS 0x00000006cdc00000| PB 0x00000006cdc00000| Untracked 
|  37|0x00000006ce000000, 0x00000006ce400000, 0x00000006ce400000|100%| O|  |TAMS 0x00000006ce000000| PB 0x00000006ce000000| Untracked 
|  38|0x00000006ce400000, 0x00000006ce800000, 0x00000006ce800000|100%| O|  |TAMS 0x00000006ce400000| PB 0x00000006ce400000| Untracked 
|  39|0x00000006ce800000, 0x00000006cec00000, 0x00000006cec00000|100%| O|  |TAMS 0x00000006ce800000| PB 0x00000006ce800000| Untracked 
|  40|0x00000006cec00000, 0x00000006cec00000, 0x00000006cf000000|  0%| F|  |TAMS 0x00000006cec00000| PB 0x00000006cec00000| Untracked 
|  41|0x00000006cf000000, 0x00000006cf400000, 0x00000006cf400000|100%| O|  |TAMS 0x00000006cf000000| PB 0x00000006cf000000| Untracked 
|  42|0x00000006cf400000, 0x00000006cf800000, 0x00000006cf800000|100%| O|  |TAMS 0x00000006cf400000| PB 0x00000006cf400000| Untracked 
|  43|0x00000006cf800000, 0x00000006cfc00000, 0x00000006cfc00000|100%| O|  |TAMS 0x00000006cf800000| PB 0x00000006cf800000| Untracked 
|  44|0x00000006cfc00000, 0x00000006cfc00000, 0x00000006d0000000|  0%| F|  |TAMS 0x00000006cfc00000| PB 0x00000006cfc00000| Untracked 
|  45|0x00000006d0000000, 0x00000006d0400000, 0x00000006d0400000|100%| O|  |TAMS 0x00000006d0000000| PB 0x00000006d0000000| Untracked 
|  46|0x00000006d0400000, 0x00000006d0800000, 0x00000006d0800000|100%| O|  |TAMS 0x00000006d0400000| PB 0x00000006d0400000| Untracked 
|  47|0x00000006d0800000, 0x00000006d0c00000, 0x00000006d0c00000|100%| O|  |TAMS 0x00000006d0800000| PB 0x00000006d0800000| Untracked 
|  48|0x00000006d0c00000, 0x00000006d1000000, 0x00000006d1000000|100%| O|  |TAMS 0x00000006d0c00000| PB 0x00000006d0c00000| Untracked 
|  49|0x00000006d1000000, 0x00000006d1400000, 0x00000006d1400000|100%| O|  |TAMS 0x00000006d1000000| PB 0x00000006d1000000| Untracked 
|  50|0x00000006d1400000, 0x00000006d1800000, 0x00000006d1800000|100%| O|  |TAMS 0x00000006d1400000| PB 0x00000006d1400000| Untracked 
|  51|0x00000006d1800000, 0x00000006d1c00000, 0x00000006d1c00000|100%| O|  |TAMS 0x00000006d1800000| PB 0x00000006d1800000| Untracked 
|  52|0x00000006d1c00000, 0x00000006d2000000, 0x00000006d2000000|100%| O|  |TAMS 0x00000006d1c00000| PB 0x00000006d1c00000| Untracked 
|  53|0x00000006d2000000, 0x00000006d2400000, 0x00000006d2400000|100%| O|  |TAMS 0x00000006d2000000| PB 0x00000006d2000000| Untracked 
|  54|0x00000006d2400000, 0x00000006d2800000, 0x00000006d2800000|100%| O|  |TAMS 0x00000006d2400000| PB 0x00000006d2400000| Untracked 
|  55|0x00000006d2800000, 0x00000006d2c00000, 0x00000006d2c00000|100%| O|  |TAMS 0x00000006d2800000| PB 0x00000006d2800000| Untracked 
|  56|0x00000006d2c00000, 0x00000006d3000000, 0x00000006d3000000|100%| O|  |TAMS 0x00000006d2c00000| PB 0x00000006d2c00000| Untracked 
|  57|0x00000006d3000000, 0x00000006d3400000, 0x00000006d3400000|100%| O|  |TAMS 0x00000006d3000000| PB 0x00000006d3000000| Untracked 
|  58|0x00000006d3400000, 0x00000006d3800000, 0x00000006d3800000|100%| O|  |TAMS 0x00000006d3400000| PB 0x00000006d3400000| Untracked 
|  59|0x00000006d3800000, 0x00000006d3c00000, 0x00000006d3c00000|100%| O|  |TAMS 0x00000006d3800000| PB 0x00000006d3800000| Untracked 
|  60|0x00000006d3c00000, 0x00000006d4000000, 0x00000006d4000000|100%| O|  |TAMS 0x00000006d3c00000| PB 0x00000006d3c00000| Untracked 
|  61|0x00000006d4000000, 0x00000006d4400000, 0x00000006d4400000|100%| O|  |TAMS 0x00000006d4000000| PB 0x00000006d4000000| Untracked 
|  62|0x00000006d4400000, 0x00000006d4800000, 0x00000006d4800000|100%| O|  |TAMS 0x00000006d4400000| PB 0x00000006d4400000| Untracked 
|  63|0x00000006d4800000, 0x00000006d4c00000, 0x00000006d4c00000|100%| O|  |TAMS 0x00000006d4800000| PB 0x00000006d4800000| Untracked 
|  64|0x00000006d4c00000, 0x00000006d5000000, 0x00000006d5000000|100%| O|  |TAMS 0x00000006d4c00000| PB 0x00000006d4c00000| Untracked 
|  65|0x00000006d5000000, 0x00000006d5400000, 0x00000006d5400000|100%| O|  |TAMS 0x00000006d5000000| PB 0x00000006d5000000| Untracked 
|  66|0x00000006d5400000, 0x00000006d5800000, 0x00000006d5800000|100%| O|  |TAMS 0x00000006d5400000| PB 0x00000006d5400000| Untracked 
|  67|0x00000006d5800000, 0x00000006d5c00000, 0x00000006d5c00000|100%| O|  |TAMS 0x00000006d5800000| PB 0x00000006d5800000| Untracked 
|  68|0x00000006d5c00000, 0x00000006d6000000, 0x00000006d6000000|100%| O|  |TAMS 0x00000006d5c00000| PB 0x00000006d5c00000| Untracked 
|  69|0x00000006d6000000, 0x00000006d6000000, 0x00000006d6400000|  0%| F|  |TAMS 0x00000006d6000000| PB 0x00000006d6000000| Untracked 
|  70|0x00000006d6400000, 0x00000006d6800000, 0x00000006d6800000|100%| O|  |TAMS 0x00000006d6400000| PB 0x00000006d6400000| Untracked 
|  71|0x00000006d6800000, 0x00000006d6c00000, 0x00000006d6c00000|100%| O|  |TAMS 0x00000006d6800000| PB 0x00000006d6800000| Untracked 
|  72|0x00000006d6c00000, 0x00000006d7000000, 0x00000006d7000000|100%| O|  |TAMS 0x00000006d6c00000| PB 0x00000006d6c00000| Untracked 
|  73|0x00000006d7000000, 0x00000006d7400000, 0x00000006d7400000|100%| O|  |TAMS 0x00000006d7000000| PB 0x00000006d7000000| Untracked 
|  74|0x00000006d7400000, 0x00000006d7800000, 0x00000006d7800000|100%| O|  |TAMS 0x00000006d7400000| PB 0x00000006d7400000| Untracked 
|  75|0x00000006d7800000, 0x00000006d7c00000, 0x00000006d7c00000|100%| O|  |TAMS 0x00000006d7800000| PB 0x00000006d7800000| Untracked 
|  76|0x00000006d7c00000, 0x00000006d8000000, 0x00000006d8000000|100%| O|  |TAMS 0x00000006d7c00000| PB 0x00000006d7c00000| Untracked 
|  77|0x00000006d8000000, 0x00000006d8400000, 0x00000006d8400000|100%| O|  |TAMS 0x00000006d8000000| PB 0x00000006d8000000| Untracked 
|  78|0x00000006d8400000, 0x00000006d8800000, 0x00000006d8800000|100%| O|  |TAMS 0x00000006d8400000| PB 0x00000006d8400000| Untracked 
|  79|0x00000006d8800000, 0x00000006d8c00000, 0x00000006d8c00000|100%| O|  |TAMS 0x00000006d8800000| PB 0x00000006d8800000| Untracked 
|  80|0x00000006d8c00000, 0x00000006d9000000, 0x00000006d9000000|100%| O|  |TAMS 0x00000006d8c00000| PB 0x00000006d8c00000| Untracked 
|  81|0x00000006d9000000, 0x00000006d9400000, 0x00000006d9400000|100%| O|  |TAMS 0x00000006d9000000| PB 0x00000006d9000000| Untracked 
|  82|0x00000006d9400000, 0x00000006d9800000, 0x00000006d9800000|100%| O|  |TAMS 0x00000006d9400000| PB 0x00000006d9400000| Untracked 
|  83|0x00000006d9800000, 0x00000006d9c00000, 0x00000006d9c00000|100%| O|  |TAMS 0x00000006d9800000| PB 0x00000006d9800000| Untracked 
|  84|0x00000006d9c00000, 0x00000006da000000, 0x00000006da000000|100%| O|  |TAMS 0x00000006d9c00000| PB 0x00000006d9c00000| Untracked 
|  85|0x00000006da000000, 0x00000006da400000, 0x00000006da400000|100%| O|  |TAMS 0x00000006da000000| PB 0x00000006da000000| Untracked 
|  86|0x00000006da400000, 0x00000006da800000, 0x00000006da800000|100%| O|  |TAMS 0x00000006da400000| PB 0x00000006da400000| Untracked 
|  87|0x00000006da800000, 0x00000006da800000, 0x00000006dac00000|  0%| F|  |TAMS 0x00000006da800000| PB 0x00000006da800000| Untracked 
|  88|0x00000006dac00000, 0x00000006db000000, 0x00000006db000000|100%| O|  |TAMS 0x00000006dac00000| PB 0x00000006dac00000| Untracked 
|  89|0x00000006db000000, 0x00000006db400000, 0x00000006db400000|100%| O|  |TAMS 0x00000006db000000| PB 0x00000006db000000| Untracked 
|  90|0x00000006db400000, 0x00000006db7a38c0, 0x00000006db800000| 90%| O|  |TAMS 0x00000006db400000| PB 0x00000006db400000| Untracked 
|  91|0x00000006db800000, 0x00000006dbc00000, 0x00000006dbc00000|100%| O|  |TAMS 0x00000006db800000| PB 0x00000006db800000| Untracked 
|  92|0x00000006dbc00000, 0x00000006dbc00000, 0x00000006dc000000|  0%| F|  |TAMS 0x00000006dbc00000| PB 0x00000006dbc00000| Untracked 
|  93|0x00000006dc000000, 0x00000006dc000000, 0x00000006dc400000|  0%| F|  |TAMS 0x00000006dc000000| PB 0x00000006dc000000| Untracked 
|  94|0x00000006dc400000, 0x00000006dc800000, 0x00000006dc800000|100%| O|  |TAMS 0x00000006dc400000| PB 0x00000006dc400000| Untracked 
|  95|0x00000006dc800000, 0x00000006dcc00000, 0x00000006dcc00000|100%| O|  |TAMS 0x00000006dc800000| PB 0x00000006dc800000| Untracked 
|  96|0x00000006dcc00000, 0x00000006dd000000, 0x00000006dd000000|100%| O|  |TAMS 0x00000006dcc00000| PB 0x00000006dcc00000| Untracked 
|  97|0x00000006dd000000, 0x00000006dd400000, 0x00000006dd400000|100%| O|  |TAMS 0x00000006dd000000| PB 0x00000006dd000000| Untracked 
|  98|0x00000006dd400000, 0x00000006dd400000, 0x00000006dd800000|  0%| F|  |TAMS 0x00000006dd400000| PB 0x00000006dd400000| Untracked 
|  99|0x00000006dd800000, 0x00000006ddc00000, 0x00000006ddc00000|100%| O|  |TAMS 0x00000006dd800000| PB 0x00000006dd800000| Untracked 
| 100|0x00000006ddc00000, 0x00000006de000000, 0x00000006de000000|100%| O|  |TAMS 0x00000006ddc00000| PB 0x00000006ddc00000| Untracked 
| 101|0x00000006de000000, 0x00000006de400000, 0x00000006de400000|100%| O|  |TAMS 0x00000006de000000| PB 0x00000006de000000| Untracked 
| 102|0x00000006de400000, 0x00000006de800000, 0x00000006de800000|100%| O|  |TAMS 0x00000006de400000| PB 0x00000006de400000| Untracked 
| 103|0x00000006de800000, 0x00000006de800000, 0x00000006dec00000|  0%| F|  |TAMS 0x00000006de800000| PB 0x00000006de800000| Untracked 
| 104|0x00000006dec00000, 0x00000006df000000, 0x00000006df000000|100%| O|  |TAMS 0x00000006dec00000| PB 0x00000006dec00000| Untracked 
| 105|0x00000006df000000, 0x00000006df400000, 0x00000006df400000|100%| O|  |TAMS 0x00000006df000000| PB 0x00000006df000000| Untracked 
| 106|0x00000006df400000, 0x00000006df400000, 0x00000006df800000|  0%| F|  |TAMS 0x00000006df400000| PB 0x00000006df400000| Untracked 
| 107|0x00000006df800000, 0x00000006df800000, 0x00000006dfc00000|  0%| F|  |TAMS 0x00000006df800000| PB 0x00000006df800000| Untracked 
| 108|0x00000006dfc00000, 0x00000006dfc00000, 0x00000006e0000000|  0%| F|  |TAMS 0x00000006dfc00000| PB 0x00000006dfc00000| Untracked 
| 109|0x00000006e0000000, 0x00000006e0000000, 0x00000006e0400000|  0%| F|  |TAMS 0x00000006e0000000| PB 0x00000006e0000000| Untracked 
| 110|0x00000006e0400000, 0x00000006e0400000, 0x00000006e0800000|  0%| F|  |TAMS 0x00000006e0400000| PB 0x00000006e0400000| Untracked 
| 111|0x00000006e0800000, 0x00000006e0800000, 0x00000006e0c00000|  0%| F|  |TAMS 0x00000006e0800000| PB 0x00000006e0800000| Untracked 
| 112|0x00000006e0c00000, 0x00000006e1000000, 0x00000006e1000000|100%| O|  |TAMS 0x00000006e0c00000| PB 0x00000006e0c00000| Untracked 
| 113|0x00000006e1000000, 0x00000006e1400000, 0x00000006e1400000|100%| O|  |TAMS 0x00000006e1000000| PB 0x00000006e1000000| Untracked 
| 114|0x00000006e1400000, 0x00000006e1400000, 0x00000006e1800000|  0%| F|  |TAMS 0x00000006e1400000| PB 0x00000006e1400000| Untracked 
| 115|0x00000006e1800000, 0x00000006e1800000, 0x00000006e1c00000|  0%| F|  |TAMS 0x00000006e1800000| PB 0x00000006e1800000| Untracked 
| 116|0x00000006e1c00000, 0x00000006e1c00000, 0x00000006e2000000|  0%| F|  |TAMS 0x00000006e1c00000| PB 0x00000006e1c00000| Untracked 
| 117|0x00000006e2000000, 0x00000006e2000000, 0x00000006e2400000|  0%| F|  |TAMS 0x00000006e2000000| PB 0x00000006e2000000| Untracked 
| 118|0x00000006e2400000, 0x00000006e2400000, 0x00000006e2800000|  0%| F|  |TAMS 0x00000006e2400000| PB 0x00000006e2400000| Untracked 
| 119|0x00000006e2800000, 0x00000006e2800000, 0x00000006e2c00000|  0%| F|  |TAMS 0x00000006e2800000| PB 0x00000006e2800000| Untracked 
| 120|0x00000006e2c00000, 0x00000006e2c00000, 0x00000006e3000000|  0%| F|  |TAMS 0x00000006e2c00000| PB 0x00000006e2c00000| Untracked 
| 121|0x00000006e3000000, 0x00000006e3000000, 0x00000006e3400000|  0%| F|  |TAMS 0x00000006e3000000| PB 0x00000006e3000000| Untracked 
| 122|0x00000006e3400000, 0x00000006e3400000, 0x00000006e3800000|  0%| F|  |TAMS 0x00000006e3400000| PB 0x00000006e3400000| Untracked 
| 123|0x00000006e3800000, 0x00000006e3800000, 0x00000006e3c00000|  0%| F|  |TAMS 0x00000006e3800000| PB 0x00000006e3800000| Untracked 
| 124|0x00000006e3c00000, 0x00000006e3c00000, 0x00000006e4000000|  0%| F|  |TAMS 0x00000006e3c00000| PB 0x00000006e3c00000| Untracked 
| 125|0x00000006e4000000, 0x00000006e4000000, 0x00000006e4400000|  0%| F|  |TAMS 0x00000006e4000000| PB 0x00000006e4000000| Untracked 
| 126|0x00000006e4400000, 0x00000006e4400000, 0x00000006e4800000|  0%| F|  |TAMS 0x00000006e4400000| PB 0x00000006e4400000| Untracked 
| 127|0x00000006e4800000, 0x00000006e4800000, 0x00000006e4c00000|  0%| F|  |TAMS 0x00000006e4800000| PB 0x00000006e4800000| Untracked 
| 128|0x00000006e4c00000, 0x00000006e4c00000, 0x00000006e5000000|  0%| F|  |TAMS 0x00000006e4c00000| PB 0x00000006e4c00000| Untracked 
| 129|0x00000006e5000000, 0x00000006e5000000, 0x00000006e5400000|  0%| F|  |TAMS 0x00000006e5000000| PB 0x00000006e5000000| Untracked 
| 130|0x00000006e5400000, 0x00000006e5400000, 0x00000006e5800000|  0%| F|  |TAMS 0x00000006e5400000| PB 0x00000006e5400000| Untracked 
| 131|0x00000006e5800000, 0x00000006e5800000, 0x00000006e5c00000|  0%| F|  |TAMS 0x00000006e5800000| PB 0x00000006e5800000| Untracked 
| 132|0x00000006e5c00000, 0x00000006e5c00000, 0x00000006e6000000|  0%| F|  |TAMS 0x00000006e5c00000| PB 0x00000006e5c00000| Untracked 
| 133|0x00000006e6000000, 0x00000006e6000000, 0x00000006e6400000|  0%| F|  |TAMS 0x00000006e6000000| PB 0x00000006e6000000| Untracked 
| 134|0x00000006e6400000, 0x00000006e6400000, 0x00000006e6800000|  0%| F|  |TAMS 0x00000006e6400000| PB 0x00000006e6400000| Untracked 
| 135|0x00000006e6800000, 0x00000006e6800000, 0x00000006e6c00000|  0%| F|  |TAMS 0x00000006e6800000| PB 0x00000006e6800000| Untracked 
| 136|0x00000006e6c00000, 0x00000006e6c00000, 0x00000006e7000000|  0%| F|  |TAMS 0x00000006e6c00000| PB 0x00000006e6c00000| Untracked 
| 137|0x00000006e7000000, 0x00000006e7000000, 0x00000006e7400000|  0%| F|  |TAMS 0x00000006e7000000| PB 0x00000006e7000000| Untracked 
| 138|0x00000006e7400000, 0x00000006e7400000, 0x00000006e7800000|  0%| F|  |TAMS 0x00000006e7400000| PB 0x00000006e7400000| Untracked 
| 139|0x00000006e7800000, 0x00000006e7c00000, 0x00000006e7c00000|100%| S|CS|TAMS 0x00000006e7800000| PB 0x00000006e7800000| Complete 
| 140|0x00000006e7c00000, 0x00000006e8000000, 0x00000006e8000000|100%| S|CS|TAMS 0x00000006e7c00000| PB 0x00000006e7c00000| Complete 
| 141|0x00000006e8000000, 0x00000006e8400000, 0x00000006e8400000|100%| S|CS|TAMS 0x00000006e8000000| PB 0x00000006e8000000| Complete 
| 142|0x00000006e8400000, 0x00000006e8800000, 0x00000006e8800000|100%| S|CS|TAMS 0x00000006e8400000| PB 0x00000006e8400000| Complete 
| 143|0x00000006e8800000, 0x00000006e8c00000, 0x00000006e8c00000|100%| S|CS|TAMS 0x00000006e8800000| PB 0x00000006e8800000| Complete 
| 144|0x00000006e8c00000, 0x00000006e9000000, 0x00000006e9000000|100%| S|CS|TAMS 0x00000006e8c00000| PB 0x00000006e8c00000| Complete 
| 145|0x00000006e9000000, 0x00000006e9000000, 0x00000006e9400000|  0%| F|  |TAMS 0x00000006e9000000| PB 0x00000006e9000000| Untracked 
| 146|0x00000006e9400000, 0x00000006e9400000, 0x00000006e9800000|  0%| F|  |TAMS 0x00000006e9400000| PB 0x00000006e9400000| Untracked 
| 147|0x00000006e9800000, 0x00000006e9800000, 0x00000006e9c00000|  0%| F|  |TAMS 0x00000006e9800000| PB 0x00000006e9800000| Untracked 
| 148|0x00000006e9c00000, 0x00000006e9c00000, 0x00000006ea000000|  0%| F|  |TAMS 0x00000006e9c00000| PB 0x00000006e9c00000| Untracked 
| 149|0x00000006ea000000, 0x00000006ea000000, 0x00000006ea400000|  0%| F|  |TAMS 0x00000006ea000000| PB 0x00000006ea000000| Untracked 
| 150|0x00000006ea400000, 0x00000006ea400000, 0x00000006ea800000|  0%| F|  |TAMS 0x00000006ea400000| PB 0x00000006ea400000| Untracked 
| 151|0x00000006ea800000, 0x00000006ea800000, 0x00000006eac00000|  0%| F|  |TAMS 0x00000006ea800000| PB 0x00000006ea800000| Untracked 
| 152|0x00000006eac00000, 0x00000006eac00000, 0x00000006eb000000|  0%| F|  |TAMS 0x00000006eac00000| PB 0x00000006eac00000| Untracked 
| 153|0x00000006eb000000, 0x00000006eb000000, 0x00000006eb400000|  0%| F|  |TAMS 0x00000006eb000000| PB 0x00000006eb000000| Untracked 
| 154|0x00000006eb400000, 0x00000006eb400000, 0x00000006eb800000|  0%| F|  |TAMS 0x00000006eb400000| PB 0x00000006eb400000| Untracked 
| 155|0x00000006eb800000, 0x00000006eb800000, 0x00000006ebc00000|  0%| F|  |TAMS 0x00000006eb800000| PB 0x00000006eb800000| Untracked 
| 156|0x00000006ebc00000, 0x00000006ebc00000, 0x00000006ec000000|  0%| F|  |TAMS 0x00000006ebc00000| PB 0x00000006ebc00000| Untracked 
| 157|0x00000006ec000000, 0x00000006ec000000, 0x00000006ec400000|  0%| F|  |TAMS 0x00000006ec000000| PB 0x00000006ec000000| Untracked 
| 158|0x00000006ec400000, 0x00000006ec400000, 0x00000006ec800000|  0%| F|  |TAMS 0x00000006ec400000| PB 0x00000006ec400000| Untracked 
| 159|0x00000006ec800000, 0x00000006ec800000, 0x00000006ecc00000|  0%| F|  |TAMS 0x00000006ec800000| PB 0x00000006ec800000| Untracked 
| 160|0x00000006ecc00000, 0x00000006ecc00000, 0x00000006ed000000|  0%| F|  |TAMS 0x00000006ecc00000| PB 0x00000006ecc00000| Untracked 
| 161|0x00000006ed000000, 0x00000006ed000000, 0x00000006ed400000|  0%| F|  |TAMS 0x00000006ed000000| PB 0x00000006ed000000| Untracked 
| 162|0x00000006ed400000, 0x00000006ed400000, 0x00000006ed800000|  0%| F|  |TAMS 0x00000006ed400000| PB 0x00000006ed400000| Untracked 
| 163|0x00000006ed800000, 0x00000006ed800000, 0x00000006edc00000|  0%| F|  |TAMS 0x00000006ed800000| PB 0x00000006ed800000| Untracked 
| 164|0x00000006edc00000, 0x00000006edc00000, 0x00000006ee000000|  0%| F|  |TAMS 0x00000006edc00000| PB 0x00000006edc00000| Untracked 
| 165|0x00000006ee000000, 0x00000006ee000000, 0x00000006ee400000|  0%| F|  |TAMS 0x00000006ee000000| PB 0x00000006ee000000| Untracked 
| 166|0x00000006ee400000, 0x00000006ee400000, 0x00000006ee800000|  0%| F|  |TAMS 0x00000006ee400000| PB 0x00000006ee400000| Untracked 
| 167|0x00000006ee800000, 0x00000006ee800000, 0x00000006eec00000|  0%| F|  |TAMS 0x00000006ee800000| PB 0x00000006ee800000| Untracked 
| 168|0x00000006eec00000, 0x00000006eec00000, 0x00000006ef000000|  0%| F|  |TAMS 0x00000006eec00000| PB 0x00000006eec00000| Untracked 
| 169|0x00000006ef000000, 0x00000006ef000000, 0x00000006ef400000|  0%| F|  |TAMS 0x00000006ef000000| PB 0x00000006ef000000| Untracked 
| 170|0x00000006ef400000, 0x00000006ef400000, 0x00000006ef800000|  0%| F|  |TAMS 0x00000006ef400000| PB 0x00000006ef400000| Untracked 
| 171|0x00000006ef800000, 0x00000006ef800000, 0x00000006efc00000|  0%| F|  |TAMS 0x00000006ef800000| PB 0x00000006ef800000| Untracked 
| 172|0x00000006efc00000, 0x00000006efc00000, 0x00000006f0000000|  0%| F|  |TAMS 0x00000006efc00000| PB 0x00000006efc00000| Untracked 
| 173|0x00000006f0000000, 0x00000006f0000000, 0x00000006f0400000|  0%| F|  |TAMS 0x00000006f0000000| PB 0x00000006f0000000| Untracked 
| 174|0x00000006f0400000, 0x00000006f0400000, 0x00000006f0800000|  0%| F|  |TAMS 0x00000006f0400000| PB 0x00000006f0400000| Untracked 
| 175|0x00000006f0800000, 0x00000006f0800000, 0x00000006f0c00000|  0%| F|  |TAMS 0x00000006f0800000| PB 0x00000006f0800000| Untracked 
| 176|0x00000006f0c00000, 0x00000006f0c00000, 0x00000006f1000000|  0%| F|  |TAMS 0x00000006f0c00000| PB 0x00000006f0c00000| Untracked 
| 177|0x00000006f1000000, 0x00000006f1000000, 0x00000006f1400000|  0%| F|  |TAMS 0x00000006f1000000| PB 0x00000006f1000000| Untracked 
| 178|0x00000006f1400000, 0x00000006f1400000, 0x00000006f1800000|  0%| F|  |TAMS 0x00000006f1400000| PB 0x00000006f1400000| Untracked 
| 179|0x00000006f1800000, 0x00000006f1800000, 0x00000006f1c00000|  0%| F|  |TAMS 0x00000006f1800000| PB 0x00000006f1800000| Untracked 
| 180|0x00000006f1c00000, 0x00000006f1c00000, 0x00000006f2000000|  0%| F|  |TAMS 0x00000006f1c00000| PB 0x00000006f1c00000| Untracked 
| 181|0x00000006f2000000, 0x00000006f2000000, 0x00000006f2400000|  0%| F|  |TAMS 0x00000006f2000000| PB 0x00000006f2000000| Untracked 
| 182|0x00000006f2400000, 0x00000006f2400000, 0x00000006f2800000|  0%| F|  |TAMS 0x00000006f2400000| PB 0x00000006f2400000| Untracked 
| 183|0x00000006f2800000, 0x00000006f2800000, 0x00000006f2c00000|  0%| F|  |TAMS 0x00000006f2800000| PB 0x00000006f2800000| Untracked 
| 184|0x00000006f2c00000, 0x00000006f2c00000, 0x00000006f3000000|  0%| F|  |TAMS 0x00000006f2c00000| PB 0x00000006f2c00000| Untracked 
| 185|0x00000006f3000000, 0x00000006f3000000, 0x00000006f3400000|  0%| F|  |TAMS 0x00000006f3000000| PB 0x00000006f3000000| Untracked 
| 186|0x00000006f3400000, 0x00000006f3400000, 0x00000006f3800000|  0%| F|  |TAMS 0x00000006f3400000| PB 0x00000006f3400000| Untracked 
| 187|0x00000006f3800000, 0x00000006f3800000, 0x00000006f3c00000|  0%| F|  |TAMS 0x00000006f3800000| PB 0x00000006f3800000| Untracked 
| 188|0x00000006f3c00000, 0x00000006f3c00000, 0x00000006f4000000|  0%| F|  |TAMS 0x00000006f3c00000| PB 0x00000006f3c00000| Untracked 
| 189|0x00000006f4000000, 0x00000006f4000000, 0x00000006f4400000|  0%| F|  |TAMS 0x00000006f4000000| PB 0x00000006f4000000| Untracked 
| 190|0x00000006f4400000, 0x00000006f4400000, 0x00000006f4800000|  0%| F|  |TAMS 0x00000006f4400000| PB 0x00000006f4400000| Untracked 
| 191|0x00000006f4800000, 0x00000006f4800000, 0x00000006f4c00000|  0%| F|  |TAMS 0x00000006f4800000| PB 0x00000006f4800000| Untracked 
| 192|0x00000006f4c00000, 0x00000006f4c00000, 0x00000006f5000000|  0%| F|  |TAMS 0x00000006f4c00000| PB 0x00000006f4c00000| Untracked 
| 193|0x00000006f5000000, 0x00000006f5000000, 0x00000006f5400000|  0%| F|  |TAMS 0x00000006f5000000| PB 0x00000006f5000000| Untracked 
| 194|0x00000006f5400000, 0x00000006f5400000, 0x00000006f5800000|  0%| F|  |TAMS 0x00000006f5400000| PB 0x00000006f5400000| Untracked 
| 195|0x00000006f5800000, 0x00000006f5800000, 0x00000006f5c00000|  0%| F|  |TAMS 0x00000006f5800000| PB 0x00000006f5800000| Untracked 
| 196|0x00000006f5c00000, 0x00000006f5c00000, 0x00000006f6000000|  0%| F|  |TAMS 0x00000006f5c00000| PB 0x00000006f5c00000| Untracked 
| 197|0x00000006f6000000, 0x00000006f6000000, 0x00000006f6400000|  0%| F|  |TAMS 0x00000006f6000000| PB 0x00000006f6000000| Untracked 
| 198|0x00000006f6400000, 0x00000006f6400000, 0x00000006f6800000|  0%| F|  |TAMS 0x00000006f6400000| PB 0x00000006f6400000| Untracked 
| 199|0x00000006f6800000, 0x00000006f6800000, 0x00000006f6c00000|  0%| F|  |TAMS 0x00000006f6800000| PB 0x00000006f6800000| Untracked 
| 200|0x00000006f6c00000, 0x00000006f6c00000, 0x00000006f7000000|  0%| F|  |TAMS 0x00000006f6c00000| PB 0x00000006f6c00000| Untracked 
| 201|0x00000006f7000000, 0x00000006f7000000, 0x00000006f7400000|  0%| F|  |TAMS 0x00000006f7000000| PB 0x00000006f7000000| Untracked 
| 202|0x00000006f7400000, 0x00000006f7400000, 0x00000006f7800000|  0%| F|  |TAMS 0x00000006f7400000| PB 0x00000006f7400000| Untracked 
| 203|0x00000006f7800000, 0x00000006f7800000, 0x00000006f7c00000|  0%| F|  |TAMS 0x00000006f7800000| PB 0x00000006f7800000| Untracked 
| 204|0x00000006f7c00000, 0x00000006f7c00000, 0x00000006f8000000|  0%| F|  |TAMS 0x00000006f7c00000| PB 0x00000006f7c00000| Untracked 
| 205|0x00000006f8000000, 0x00000006f8000000, 0x00000006f8400000|  0%| F|  |TAMS 0x00000006f8000000| PB 0x00000006f8000000| Untracked 
| 206|0x00000006f8400000, 0x00000006f8400000, 0x00000006f8800000|  0%| F|  |TAMS 0x00000006f8400000| PB 0x00000006f8400000| Untracked 
| 207|0x00000006f8800000, 0x00000006f8800000, 0x00000006f8c00000|  0%| F|  |TAMS 0x00000006f8800000| PB 0x00000006f8800000| Untracked 
| 208|0x00000006f8c00000, 0x00000006f8c00000, 0x00000006f9000000|  0%| F|  |TAMS 0x00000006f8c00000| PB 0x00000006f8c00000| Untracked 
| 209|0x00000006f9000000, 0x00000006f9000000, 0x00000006f9400000|  0%| F|  |TAMS 0x00000006f9000000| PB 0x00000006f9000000| Untracked 
| 210|0x00000006f9400000, 0x00000006f9400000, 0x00000006f9800000|  0%| F|  |TAMS 0x00000006f9400000| PB 0x00000006f9400000| Untracked 
| 211|0x00000006f9800000, 0x00000006f9800000, 0x00000006f9c00000|  0%| F|  |TAMS 0x00000006f9800000| PB 0x00000006f9800000| Untracked 
| 212|0x00000006f9c00000, 0x00000006f9c00000, 0x00000006fa000000|  0%| F|  |TAMS 0x00000006f9c00000| PB 0x00000006f9c00000| Untracked 
| 213|0x00000006fa000000, 0x00000006fa000000, 0x00000006fa400000|  0%| F|  |TAMS 0x00000006fa000000| PB 0x00000006fa000000| Untracked 
| 214|0x00000006fa400000, 0x00000006fa400000, 0x00000006fa800000|  0%| F|  |TAMS 0x00000006fa400000| PB 0x00000006fa400000| Untracked 
| 215|0x00000006fa800000, 0x00000006fa800000, 0x00000006fac00000|  0%| F|  |TAMS 0x00000006fa800000| PB 0x00000006fa800000| Untracked 
| 216|0x00000006fac00000, 0x00000006fac00000, 0x00000006fb000000|  0%| F|  |TAMS 0x00000006fac00000| PB 0x00000006fac00000| Untracked 
| 217|0x00000006fb000000, 0x00000006fb000000, 0x00000006fb400000|  0%| F|  |TAMS 0x00000006fb000000| PB 0x00000006fb000000| Untracked 
| 218|0x00000006fb400000, 0x00000006fb400000, 0x00000006fb800000|  0%| F|  |TAMS 0x00000006fb400000| PB 0x00000006fb400000| Untracked 
| 219|0x00000006fb800000, 0x00000006fb800000, 0x00000006fbc00000|  0%| F|  |TAMS 0x00000006fb800000| PB 0x00000006fb800000| Untracked 
| 220|0x00000006fbc00000, 0x00000006fbc00000, 0x00000006fc000000|  0%| F|  |TAMS 0x00000006fbc00000| PB 0x00000006fbc00000| Untracked 
| 221|0x00000006fc000000, 0x00000006fc000000, 0x00000006fc400000|  0%| F|  |TAMS 0x00000006fc000000| PB 0x00000006fc000000| Untracked 
| 222|0x00000006fc400000, 0x00000006fc400000, 0x00000006fc800000|  0%| F|  |TAMS 0x00000006fc400000| PB 0x00000006fc400000| Untracked 
| 223|0x00000006fc800000, 0x00000006fc800000, 0x00000006fcc00000|  0%| F|  |TAMS 0x00000006fc800000| PB 0x00000006fc800000| Untracked 
| 224|0x00000006fcc00000, 0x00000006fcc00000, 0x00000006fd000000|  0%| F|  |TAMS 0x00000006fcc00000| PB 0x00000006fcc00000| Untracked 
| 225|0x00000006fd000000, 0x00000006fd000000, 0x00000006fd400000|  0%| F|  |TAMS 0x00000006fd000000| PB 0x00000006fd000000| Untracked 
| 226|0x00000006fd400000, 0x00000006fd400000, 0x00000006fd800000|  0%| F|  |TAMS 0x00000006fd400000| PB 0x00000006fd400000| Untracked 
| 227|0x00000006fd800000, 0x00000006fd800000, 0x00000006fdc00000|  0%| F|  |TAMS 0x00000006fd800000| PB 0x00000006fd800000| Untracked 
| 228|0x00000006fdc00000, 0x00000006fdc00000, 0x00000006fe000000|  0%| F|  |TAMS 0x00000006fdc00000| PB 0x00000006fdc00000| Untracked 
| 229|0x00000006fe000000, 0x00000006fe000000, 0x00000006fe400000|  0%| F|  |TAMS 0x00000006fe000000| PB 0x00000006fe000000| Untracked 
| 230|0x00000006fe400000, 0x00000006fe400000, 0x00000006fe800000|  0%| F|  |TAMS 0x00000006fe400000| PB 0x00000006fe400000| Untracked 
| 231|0x00000006fe800000, 0x00000006fe800000, 0x00000006fec00000|  0%| F|  |TAMS 0x00000006fe800000| PB 0x00000006fe800000| Untracked 
| 232|0x00000006fec00000, 0x00000006fec00000, 0x00000006ff000000|  0%| F|  |TAMS 0x00000006fec00000| PB 0x00000006fec00000| Untracked 
| 233|0x00000006ff000000, 0x00000006ff000000, 0x00000006ff400000|  0%| F|  |TAMS 0x00000006ff000000| PB 0x00000006ff000000| Untracked 
| 234|0x00000006ff400000, 0x00000006ff400000, 0x00000006ff800000|  0%| F|  |TAMS 0x00000006ff400000| PB 0x00000006ff400000| Untracked 
| 235|0x00000006ff800000, 0x00000006ff800000, 0x00000006ffc00000|  0%| F|  |TAMS 0x00000006ff800000| PB 0x00000006ff800000| Untracked 
| 236|0x00000006ffc00000, 0x00000006ffc00000, 0x0000000700000000|  0%| F|  |TAMS 0x00000006ffc00000| PB 0x00000006ffc00000| Untracked 
| 237|0x0000000700000000, 0x0000000700000000, 0x0000000700400000|  0%| F|  |TAMS 0x0000000700000000| PB 0x0000000700000000| Untracked 
|1249|0x00000007fd000000, 0x00000007fd000000, 0x00000007fd400000|  0%| F|  |TAMS 0x00000007fd000000| PB 0x00000007fd000000| Untracked 
|1250|0x00000007fd400000, 0x00000007fd400000, 0x00000007fd800000|  0%| F|  |TAMS 0x00000007fd400000| PB 0x00000007fd400000| Untracked 
|1251|0x00000007fd800000, 0x00000007fd800000, 0x00000007fdc00000|  0%| F|  |TAMS 0x00000007fd800000| PB 0x00000007fd800000| Untracked 
|1252|0x00000007fdc00000, 0x00000007fdc00000, 0x00000007fe000000|  0%| F|  |TAMS 0x00000007fdc00000| PB 0x00000007fdc00000| Untracked 
|1253|0x00000007fe000000, 0x00000007fe000000, 0x00000007fe400000|  0%| F|  |TAMS 0x00000007fe000000| PB 0x00000007fe000000| Untracked 
|1254|0x00000007fe400000, 0x00000007fe400000, 0x00000007fe800000|  0%| F|  |TAMS 0x00000007fe400000| PB 0x00000007fe400000| Untracked 
|1255|0x00000007fe800000, 0x00000007fe800000, 0x00000007fec00000|  0%| F|  |TAMS 0x00000007fe800000| PB 0x00000007fe800000| Untracked 
|1256|0x00000007fec00000, 0x00000007fec00000, 0x00000007ff000000|  0%| F|  |TAMS 0x00000007fec00000| PB 0x00000007fec00000| Untracked 
|1257|0x00000007ff000000, 0x00000007ff000000, 0x00000007ff400000|  0%| F|  |TAMS 0x00000007ff000000| PB 0x00000007ff000000| Untracked 
|1258|0x00000007ff400000, 0x00000007ff400000, 0x00000007ff800000|  0%| F|  |TAMS 0x00000007ff400000| PB 0x00000007ff400000| Untracked 
|1259|0x00000007ff800000, 0x00000007ff800000, 0x00000007ffc00000|  0%| F|  |TAMS 0x00000007ff800000| PB 0x00000007ff800000| Untracked 
|1260|0x00000007ffc00000, 0x00000007ffc00000, 0x0000000800000000|  0%| F|  |TAMS 0x00000007ffc00000| PB 0x00000007ffc00000| Untracked 

Card table byte_map: [0x0000018ff97a0000,0x0000018ffa180000] _byte_map_base: 0x0000018ff617a000

Marking Bits: (CMBitMap*) 0x0000018ff8a50230
 Bits: [0x0000018ffa180000, 0x0000018fff050000)

Polling page: 0x0000018ff6760000

Metaspace:

Usage:
  Non-class:     81.33 MB used.
      Class:      9.45 MB used.
       Both:     90.78 MB used.

Virtual space:
  Non-class space:      128.00 MB reserved,      81.94 MB ( 64%) committed,  2 nodes.
      Class space:        1.00 GB reserved,      10.12 MB ( <1%) committed,  1 nodes.
             Both:        1.12 GB reserved,      92.06 MB (  8%) committed. 

Chunk freelists:
   Non-Class:  13.81 MB
       Class:  5.74 MB
        Both:  19.55 MB

MaxMetaspaceSize: unlimited
CompressedClassSpaceSize: 1.00 GB
Initial GC threshold: 21.00 MB
Current GC threshold: 153.25 MB
CDS: on
 - commit_granule_bytes: 65536.
 - commit_granule_words: 8192.
 - virtual_space_node_default_size: 8388608.
 - enlarge_chunks_in_place: 1.
 - use_allocation_guard: 0.


Internal statistics:

num_allocs_failed_limit: 8.
num_arena_births: 2316.
num_arena_deaths: 0.
num_vsnodes_births: 3.
num_vsnodes_deaths: 0.
num_space_committed: 1471.
num_space_uncommitted: 0.
num_chunks_returned_to_freelist: 8.
num_chunks_taken_from_freelist: 6411.
num_chunk_merges: 5.
num_chunk_splits: 4423.
num_chunks_enlarged: 3085.
num_inconsistent_stats: 0.

CodeHeap 'non-profiled nmethods': size=120000Kb used=43762Kb max_used=43762Kb free=76237Kb
 bounds [0x0000018f90110000, 0x0000018f92c70000, 0x0000018f97640000]
CodeHeap 'profiled nmethods': size=120000Kb used=18413Kb max_used=45446Kb free=101586Kb
 bounds [0x0000018f88640000, 0x0000018f8b300000, 0x0000018f8fb70000]
CodeHeap 'non-nmethods': size=5760Kb used=1773Kb max_used=1846Kb free=3986Kb
 bounds [0x0000018f8fb70000, 0x0000018f8fde0000, 0x0000018f90110000]
CodeCache: size=245760Kb, used=63948Kb, max_used=91054Kb, free=181809Kb
 total_blobs=13409, nmethods=12632, adapters=678, full_count=0
Compilation: enabled, stopped_count=0, restarted_count=0

Compilation events (20 events):
Event: 2231.694 Thread 0x0000018fffacbb90 37874       3       org.jetbrains.kotlin.resolve.deprecation.DeprecationResolver::deprecationsByConstituentTypes$lambda$9$lambda$8 (43 bytes)
Event: 2231.696 Thread 0x0000018fffacbb90 nmethod 37874 0x0000018f89605190 code [0x0000018f89605460, 0x0000018f896062c8]
Event: 2231.696 Thread 0x0000018fffacbb90 37875       3       org.jetbrains.kotlin.resolve.TypeResolver$TracingTypeAliasExpansionReportStrategy::<init> (89 bytes)
Event: 2231.697 Thread 0x0000018fffacbb90 nmethod 37875 0x0000018f88dd1290 code [0x0000018f88dd16c0, 0x0000018f88dd3420]
Event: 2231.697 Thread 0x0000018fffacbb90 37876       3       org.jetbrains.kotlin.types.TypeAliasExpansion$Companion::create (166 bytes)
Event: 2231.698 Thread 0x0000018fffacbb90 nmethod 37876 0x0000018f8917bc10 code [0x0000018f8917c100, 0x0000018f8917e818]
Event: 2231.698 Thread 0x0000018fffacbb90 37877       3       org.jetbrains.kotlin.types.TypeAliasExpansion::<init> (10 bytes)
Event: 2231.698 Thread 0x0000018fffacbb90 nmethod 37877 0x0000018f89ce6c10 code [0x0000018f89ce6dc0, 0x0000018f89ce7110]
Event: 2231.698 Thread 0x0000018fffacbb90 37878       3       org.jetbrains.kotlin.types.TypeAliasExpansion::<init> (26 bytes)
Event: 2231.699 Thread 0x0000018fffacbb90 nmethod 37878 0x0000018f888d8490 code [0x0000018f888d8640, 0x0000018f888d8938]
Event: 2233.437 Thread 0x0000018fffaa2090 37879       4       com.intellij.psi.impl.source.ClassInnerStuffCache::findInnerClassByName (40 bytes)
Event: 2233.461 Thread 0x0000018fffaa2090 nmethod 37879 0x0000018f91221610 code [0x0000018f91221940, 0x0000018f91222d40]
Event: 2236.461 Thread 0x0000018fffacbb90 37880       3       org.jetbrains.kotlin.resolve.lazy.LazyDeclarationResolver$resolveToDescriptor$1::visitClass (33 bytes)
Event: 2236.463 Thread 0x0000018fffacbb90 nmethod 37880 0x0000018f890ca790 code [0x0000018f890cac60, 0x0000018f890cd288]
Event: 2236.791 Thread 0x0000018fffaa2090 37881       4       org.jetbrains.kotlin.load.java.structure.impl.JavaElementCollectionFromPsiArrayUtil$$Lambda/0x0000018f9b89b8a0::invoke (12 bytes)
Event: 2236.795 Thread 0x0000018fffaa2090 nmethod 37881 0x0000018f9047e510 code [0x0000018f9047e6c0, 0x0000018f9047e958]
Event: 2236.795 Thread 0x0000018fffaa2090 37882       4       org.jetbrains.kotlin.load.java.lazy.descriptors.LazyJavaClassMemberScope::resolveConstructor (311 bytes)
Event: 2236.919 Thread 0x0000018fffaa2090 nmethod 37882 0x0000018f92c5a410 code [0x0000018f92c5ab80, 0x0000018f92c5f290]
Event: 2237.520 Thread 0x0000018fffaa2090 37883 % !   4       java.net.URLDecoder::decode @ 43 (306 bytes)
Event: 2237.568 Thread 0x0000018fffaa2090 nmethod 37883% 0x0000018f90b84810 code [0x0000018f90b84b80, 0x0000018f90b86d98]

GC Heap History (20 events):
Event: 2227.454 GC heap after
{Heap after GC invocations=1496 (full 0):
 garbage-first heap   total 1294336K, used 479251K [0x00000006c4c00000, 0x0000000800000000)
  region size 4096K, 15 young (61440K), 15 survivors (61440K)
 Metaspace       used 92952K, committed 94272K, reserved 1179648K
  class space    used 9673K, committed 10368K, reserved 1048576K
}
Event: 2228.647 GC heap before
{Heap before GC invocations=1496 (full 0):
 garbage-first heap   total 1294336K, used 1105939K [0x00000006c4c00000, 0x0000000800000000)
  region size 4096K, 168 young (688128K), 15 survivors (61440K)
 Metaspace       used 92952K, committed 94272K, reserved 1179648K
  class space    used 9673K, committed 10368K, reserved 1048576K
}
Event: 2228.688 GC heap after
{Heap after GC invocations=1497 (full 0):
 garbage-first heap   total 1294336K, used 518700K [0x00000006c4c00000, 0x0000000800000000)
  region size 4096K, 16 young (65536K), 16 survivors (65536K)
 Metaspace       used 92952K, committed 94272K, reserved 1179648K
  class space    used 9673K, committed 10368K, reserved 1048576K
}
Event: 2229.796 GC heap before
{Heap before GC invocations=1497 (full 0):
 garbage-first heap   total 1294336K, used 1116716K [0x00000006c4c00000, 0x0000000800000000)
  region size 4096K, 162 young (663552K), 16 survivors (65536K)
 Metaspace       used 92952K, committed 94272K, reserved 1179648K
  class space    used 9673K, committed 10368K, reserved 1048576K
}
Event: 2229.841 GC heap after
{Heap after GC invocations=1498 (full 0):
 garbage-first heap   total 1294336K, used 581632K [0x00000006c4c00000, 0x0000000800000000)
  region size 4096K, 16 young (65536K), 16 survivors (65536K)
 Metaspace       used 92952K, committed 94272K, reserved 1179648K
  class space    used 9673K, committed 10368K, reserved 1048576K
}
Event: 2230.895 GC heap before
{Heap before GC invocations=1499 (full 0):
 garbage-first heap   total 1294336K, used 946176K [0x00000006c4c00000, 0x0000000800000000)
  region size 4096K, 150 young (614400K), 16 survivors (65536K)
 Metaspace       used 92952K, committed 94272K, reserved 1179648K
  class space    used 9673K, committed 10368K, reserved 1048576K
}
Event: 2230.934 GC heap after
{Heap after GC invocations=1500 (full 0):
 garbage-first heap   total 1294336K, used 454656K [0x00000006c4c00000, 0x0000000800000000)
  region size 4096K, 14 young (57344K), 14 survivors (57344K)
 Metaspace       used 92952K, committed 94272K, reserved 1179648K
  class space    used 9673K, committed 10368K, reserved 1048576K
}
Event: 2232.017 GC heap before
{Heap before GC invocations=1500 (full 0):
 garbage-first heap   total 1294336K, used 1101824K [0x00000006c4c00000, 0x0000000800000000)
  region size 4096K, 172 young (704512K), 14 survivors (57344K)
 Metaspace       used 92953K, committed 94272K, reserved 1179648K
  class space    used 9673K, committed 10368K, reserved 1048576K
}
Event: 2232.058 GC heap after
{Heap after GC invocations=1501 (full 0):
 garbage-first heap   total 1294336K, used 462848K [0x00000006c4c00000, 0x0000000800000000)
  region size 4096K, 16 young (65536K), 16 survivors (65536K)
 Metaspace       used 92953K, committed 94272K, reserved 1179648K
  class space    used 9673K, committed 10368K, reserved 1048576K
}
Event: 2232.950 GC heap before
{Heap before GC invocations=1501 (full 0):
 garbage-first heap   total 1294336K, used 1105920K [0x00000006c4c00000, 0x0000000800000000)
  region size 4096K, 173 young (708608K), 16 survivors (65536K)
 Metaspace       used 92953K, committed 94272K, reserved 1179648K
  class space    used 9673K, committed 10368K, reserved 1048576K
}
Event: 2232.977 GC heap after
{Heap after GC invocations=1502 (full 0):
 garbage-first heap   total 1294336K, used 480706K [0x00000006c4c00000, 0x0000000800000000)
  region size 4096K, 17 young (69632K), 17 survivors (69632K)
 Metaspace       used 92953K, committed 94272K, reserved 1179648K
  class space    used 9673K, committed 10368K, reserved 1048576K
}
Event: 2234.041 GC heap before
{Heap before GC invocations=1503 (full 0):
 garbage-first heap   total 1024000K, used 849346K [0x00000006c4c00000, 0x0000000800000000)
  region size 4096K, 150 young (614400K), 17 survivors (69632K)
 Metaspace       used 92953K, committed 94272K, reserved 1179648K
  class space    used 9673K, committed 10368K, reserved 1048576K
}
Event: 2234.077 GC heap after
{Heap after GC invocations=1504 (full 0):
 garbage-first heap   total 1024000K, used 361604K [0x00000006c4c00000, 0x0000000800000000)
  region size 4096K, 15 young (61440K), 15 survivors (61440K)
 Metaspace       used 92953K, committed 94272K, reserved 1179648K
  class space    used 9673K, committed 10368K, reserved 1048576K
}
Event: 2235.017 GC heap before
{Heap before GC invocations=1504 (full 0):
 garbage-first heap   total 1024000K, used 869508K [0x00000006c4c00000, 0x0000000800000000)
  region size 4096K, 139 young (569344K), 15 survivors (61440K)
 Metaspace       used 92953K, committed 94272K, reserved 1179648K
  class space    used 9673K, committed 10368K, reserved 1048576K
}
Event: 2235.058 GC heap after
{Heap after GC invocations=1505 (full 0):
 garbage-first heap   total 1024000K, used 358400K [0x00000006c4c00000, 0x0000000800000000)
  region size 4096K, 13 young (53248K), 13 survivors (53248K)
 Metaspace       used 92953K, committed 94272K, reserved 1179648K
  class space    used 9673K, committed 10368K, reserved 1048576K
}
Event: 2236.027 GC heap before
{Heap before GC invocations=1505 (full 0):
 garbage-first heap   total 1024000K, used 870400K [0x00000006c4c00000, 0x0000000800000000)
  region size 4096K, 138 young (565248K), 13 survivors (53248K)
 Metaspace       used 92953K, committed 94272K, reserved 1179648K
  class space    used 9673K, committed 10368K, reserved 1048576K
}
Event: 2236.061 GC heap after
{Heap after GC invocations=1506 (full 0):
 garbage-first heap   total 1024000K, used 413638K [0x00000006c4c00000, 0x0000000800000000)
  region size 4096K, 14 young (57344K), 14 survivors (57344K)
 Metaspace       used 92953K, committed 94272K, reserved 1179648K
  class space    used 9673K, committed 10368K, reserved 1048576K
}
Event: 2236.942 GC heap before
{Heap before GC invocations=1507 (full 0):
 garbage-first heap   total 1024000K, used 876486K [0x00000006c4c00000, 0x0000000800000000)
  region size 4096K, 128 young (524288K), 14 survivors (57344K)
 Metaspace       used 92953K, committed 94272K, reserved 1179648K
  class space    used 9673K, committed 10368K, reserved 1048576K
}
Event: 2236.982 GC heap after
{Heap after GC invocations=1508 (full 0):
 garbage-first heap   total 1024000K, used 462630K [0x00000006c4c00000, 0x0000000800000000)
  region size 4096K, 13 young (53248K), 13 survivors (53248K)
 Metaspace       used 92953K, committed 94272K, reserved 1179648K
  class space    used 9673K, committed 10368K, reserved 1048576K
}
Event: 2238.023 GC heap before
{Heap before GC invocations=1508 (full 0):
 garbage-first heap   total 1024000K, used 892710K [0x00000006c4c00000, 0x0000000800000000)
  region size 4096K, 118 young (483328K), 13 survivors (53248K)
 Metaspace       used 92953K, committed 94272K, reserved 1179648K
  class space    used 9673K, committed 10368K, reserved 1048576K
}

Dll operation events (8 events):
Event: 0.053 Loaded shared library C:\Program Files\Eclipse Adoptium\jdk-21.0.8.9-hotspot\bin\java.dll
Event: 0.165 Loaded shared library C:\Program Files\Eclipse Adoptium\jdk-21.0.8.9-hotspot\bin\jsvml.dll
Event: 0.260 Loaded shared library C:\Program Files\Eclipse Adoptium\jdk-21.0.8.9-hotspot\bin\net.dll
Event: 0.264 Loaded shared library C:\Program Files\Eclipse Adoptium\jdk-21.0.8.9-hotspot\bin\nio.dll
Event: 0.276 Loaded shared library C:\Program Files\Eclipse Adoptium\jdk-21.0.8.9-hotspot\bin\zip.dll
Event: 0.444 Loaded shared library C:\Program Files\Eclipse Adoptium\jdk-21.0.8.9-hotspot\bin\jimage.dll
Event: 2.694 Loaded shared library C:\Program Files\Eclipse Adoptium\jdk-21.0.8.9-hotspot\bin\verify.dll
Event: 5.227 Loaded shared library C:\Users\ASUS\AppData\Local\Temp\sqlite-3.41.2.1-27999731-7fa0-4d6f-af40-8deb6573f431-sqlitejdbc.dll

Deoptimization events (20 events):
Event: 2203.413 Thread 0x0000018fea52d1b0 Uncommon trap: trap_request=0xffffff45 fr.pc=0x0000018f903d82a4 relative=0x00000000000006a4
Event: 2203.413 Thread 0x0000018fea52d1b0 Uncommon trap: reason=unstable_if action=reinterpret pc=0x0000018f903d82a4 method=org.jetbrains.kotlin.resolve.calls.tower.ImplicitScopeTowerKt.getResultApplicabilityForCallDiagnostics(Ljava/util/Collection;)Lorg/jetbrains/kotlin/resolve/calls/tower/Candi
Event: 2203.413 Thread 0x0000018fea52d1b0 DEOPT PACKING pc=0x0000018f903d82a4 sp=0x0000001cdbbfb390
Event: 2203.413 Thread 0x0000018fea52d1b0 DEOPT UNPACKING pc=0x0000018f8fbc46a2 sp=0x0000001cdbbfb200 mode 2
Event: 2203.595 Thread 0x0000018fea52d1b0 Uncommon trap: trap_request=0x00000014 fr.pc=0x0000018f91f83960 relative=0x00000000000000c0
Event: 2203.595 Thread 0x0000018fea52d1b0 Uncommon trap: reason=unloaded action=reinterpret pc=0x0000018f91f83960 method=org.jetbrains.kotlin.resolve.ExceptionWrappingKtVisitorVoid.visitDeclaration(Lorg/jetbrains/kotlin/psi/KtDeclaration;)V @ 28 c2
Event: 2203.595 Thread 0x0000018fea52d1b0 DEOPT PACKING pc=0x0000018f91f83960 sp=0x0000001cdbbfe3e0
Event: 2203.595 Thread 0x0000018fea52d1b0 DEOPT UNPACKING pc=0x0000018f8fbc46a2 sp=0x0000001cdbbfe350 mode 2
Event: 2203.598 Thread 0x0000018fea52d1b0 Uncommon trap: trap_request=0xffffffbe fr.pc=0x0000018f92154634 relative=0x00000000000009d4
Event: 2203.598 Thread 0x0000018fea52d1b0 Uncommon trap: reason=profile_predicate action=maybe_recompile pc=0x0000018f92154634 method=java.util.stream.ReferencePipeline.forEachWithCancel(Ljava/util/Spliterator;Ljava/util/stream/Sink;)Z @ 8 c2
Event: 2203.598 Thread 0x0000018fea52d1b0 DEOPT PACKING pc=0x0000018f92154634 sp=0x0000001cdbbf9080
Event: 2203.598 Thread 0x0000018fea52d1b0 DEOPT UNPACKING pc=0x0000018f8fbc46a2 sp=0x0000001cdbbf8fd0 mode 2
Event: 2204.604 Thread 0x0000018fea52d1b0 Uncommon trap: trap_request=0xfffffff4 fr.pc=0x0000018f91221cac relative=0x000000000000286c
Event: 2204.604 Thread 0x0000018fea52d1b0 Uncommon trap: reason=null_check action=make_not_entrant pc=0x0000018f91221cac method=org.jetbrains.kotlin.resolve.calls.tower.NewResolvedCallImpl.argumentToParameterMap(Lorg/jetbrains/kotlin/descriptors/CallableDescriptor;Ljava/util/Map;)Ljava/util/Map; 
Event: 2204.604 Thread 0x0000018fea52d1b0 DEOPT PACKING pc=0x0000018f91221cac sp=0x0000001cdbbfae30
Event: 2204.604 Thread 0x0000018fea52d1b0 DEOPT UNPACKING pc=0x0000018f8fbc46a2 sp=0x0000001cdbbfadb0 mode 2
Event: 2230.003 Thread 0x0000018fea52d1b0 Uncommon trap: trap_request=0xffffff45 fr.pc=0x0000018f906c918c relative=0x000000000000060c
Event: 2230.003 Thread 0x0000018fea52d1b0 Uncommon trap: reason=unstable_if action=reinterpret pc=0x0000018f906c918c method=java.lang.ThreadLocal$ThreadLocalMap.getEntryAfterMiss(Ljava/lang/ThreadLocal;ILjava/lang/ThreadLocal$ThreadLocalMap$Entry;)Ljava/lang/ThreadLocal$ThreadLocalMap$Entry; @ 30
Event: 2230.003 Thread 0x0000018fea52d1b0 DEOPT PACKING pc=0x0000018f906c918c sp=0x0000001cdbbfbe90
Event: 2230.003 Thread 0x0000018fea52d1b0 DEOPT UNPACKING pc=0x0000018f8fbc46a2 sp=0x0000001cdbbfba48 mode 2

Classes loaded (20 events):
Event: 35.363 Loading class java/text/ChoiceFormat
Event: 35.364 Loading class java/text/ChoiceFormat done
Event: 35.391 Loading class java/lang/invoke/DirectMethodHandle$1
Event: 35.394 Loading class java/lang/invoke/DirectMethodHandle$1 done
Event: 40.006 Loading class java/io/FileReader
Event: 40.006 Loading class java/io/FileReader done
Event: 40.313 Loading class java/util/concurrent/locks/ReentrantReadWriteLock$Sync$HoldCounter
Event: 40.313 Loading class java/util/concurrent/locks/ReentrantReadWriteLock$Sync$HoldCounter done
Event: 123.395 Loading class java/util/concurrent/ExecutionException
Event: 123.395 Loading class java/util/concurrent/ExecutionException done
Event: 397.302 Loading class java/net/Proxy
Event: 397.302 Loading class java/net/Proxy done
Event: 451.093 Loading class java/util/concurrent/CompletionException
Event: 451.093 Loading class java/util/concurrent/CompletionException done
Event: 451.094 Loading class jdk/internal/reflect/AccessorUtils
Event: 451.094 Loading class jdk/internal/reflect/AccessorUtils done
Event: 1988.957 Loading class java/util/concurrent/ConcurrentHashMap$TreeNode
Event: 1988.957 Loading class java/util/concurrent/ConcurrentHashMap$TreeNode done
Event: 1988.957 Loading class java/util/concurrent/ConcurrentHashMap$TreeBin
Event: 1988.958 Loading class java/util/concurrent/ConcurrentHashMap$TreeBin done

Classes unloaded (0 events):
No events

Classes redefined (0 events):
No events

Internal exceptions (20 events):
Event: 2226.488 Thread 0x0000018fea52d1b0 Exception <a 'sun/nio/fs/WindowsException'{0x000000070e84eed0}> (0x000000070e84eed0) 
thrown [s\src\hotspot\share\prims\jni.cpp, line 520]
Event: 2226.488 Thread 0x0000018fea52d1b0 Exception <a 'sun/nio/fs/WindowsException'{0x000000070e84f280}> (0x000000070e84f280) 
thrown [s\src\hotspot\share\prims\jni.cpp, line 520]
Event: 2226.630 Thread 0x0000018fea52d1b0 Exception <a 'sun/nio/fs/WindowsException'{0x000000070dbb0240}> (0x000000070dbb0240) 
thrown [s\src\hotspot\share\prims\jni.cpp, line 520]
Event: 2226.630 Thread 0x0000018fea52d1b0 Exception <a 'sun/nio/fs/WindowsException'{0x000000070dbb0830}> (0x000000070dbb0830) 
thrown [s\src\hotspot\share\prims\jni.cpp, line 520]
Event: 2231.936 Thread 0x0000018fea52d1b0 Exception <a 'sun/nio/fs/WindowsException'{0x00000006e9ff46f8}> (0x00000006e9ff46f8) 
thrown [s\src\hotspot\share\prims\jni.cpp, line 520]
Event: 2231.936 Thread 0x0000018fea52d1b0 Exception <a 'sun/nio/fs/WindowsException'{0x00000006e9ff4ab0}> (0x00000006e9ff4ab0) 
thrown [s\src\hotspot\share\prims\jni.cpp, line 520]
Event: 2231.936 Thread 0x0000018fea52d1b0 Exception <a 'sun/nio/fs/WindowsException'{0x00000006e9ff4e68}> (0x00000006e9ff4e68) 
thrown [s\src\hotspot\share\prims\jni.cpp, line 520]
Event: 2231.936 Thread 0x0000018fea52d1b0 Exception <a 'sun/nio/fs/WindowsException'{0x00000006e9ff5218}> (0x00000006e9ff5218) 
thrown [s\src\hotspot\share\prims\jni.cpp, line 520]
Event: 2231.936 Thread 0x0000018fea52d1b0 Exception <a 'sun/nio/fs/WindowsException'{0x00000006e9ff55c8}> (0x00000006e9ff55c8) 
thrown [s\src\hotspot\share\prims\jni.cpp, line 520]
Event: 2231.936 Thread 0x0000018fea52d1b0 Exception <a 'sun/nio/fs/WindowsException'{0x00000006e9ff5978}> (0x00000006e9ff5978) 
thrown [s\src\hotspot\share\prims\jni.cpp, line 520]
Event: 2232.080 Thread 0x0000018fea52d1b0 Exception <a 'sun/nio/fs/WindowsException'{0x00000007fff56c18}> (0x00000007fff56c18) 
thrown [s\src\hotspot\share\prims\jni.cpp, line 520]
Event: 2232.080 Thread 0x0000018fea52d1b0 Exception <a 'sun/nio/fs/WindowsException'{0x00000007fff57208}> (0x00000007fff57208) 
thrown [s\src\hotspot\share\prims\jni.cpp, line 520]
Event: 2237.523 Thread 0x0000018fea52d1b0 Exception <a 'sun/nio/fs/WindowsException'{0x00000006f3756530}> (0x00000006f3756530) 
thrown [s\src\hotspot\share\prims\jni.cpp, line 520]
Event: 2237.523 Thread 0x0000018fea52d1b0 Exception <a 'sun/nio/fs/WindowsException'{0x00000006f37568e8}> (0x00000006f37568e8) 
thrown [s\src\hotspot\share\prims\jni.cpp, line 520]
Event: 2237.523 Thread 0x0000018fea52d1b0 Exception <a 'sun/nio/fs/WindowsException'{0x00000006f3756ca0}> (0x00000006f3756ca0) 
thrown [s\src\hotspot\share\prims\jni.cpp, line 520]
Event: 2237.523 Thread 0x0000018fea52d1b0 Exception <a 'sun/nio/fs/WindowsException'{0x00000006f3757050}> (0x00000006f3757050) 
thrown [s\src\hotspot\share\prims\jni.cpp, line 520]
Event: 2237.523 Thread 0x0000018fea52d1b0 Exception <a 'sun/nio/fs/WindowsException'{0x00000006f3757400}> (0x00000006f3757400) 
thrown [s\src\hotspot\share\prims\jni.cpp, line 520]
Event: 2237.523 Thread 0x0000018fea52d1b0 Exception <a 'sun/nio/fs/WindowsException'{0x00000006f37577b0}> (0x00000006f37577b0) 
thrown [s\src\hotspot\share\prims\jni.cpp, line 520]
Event: 2237.651 Thread 0x0000018fea52d1b0 Exception <a 'sun/nio/fs/WindowsException'{0x00000006f22edd30}> (0x00000006f22edd30) 
thrown [s\src\hotspot\share\prims\jni.cpp, line 520]
Event: 2237.651 Thread 0x0000018fea52d1b0 Exception <a 'sun/nio/fs/WindowsException'{0x00000006f22ee320}> (0x00000006f22ee320) 
thrown [s\src\hotspot\share\prims\jni.cpp, line 520]

ZGC Phase Switch (0 events):
No events

VM Operations (20 events):
Event: 2232.058 Executing VM operation: G1CollectForAllocation (G1 Evacuation Pause) done
Event: 2232.950 Executing VM operation: G1CollectForAllocation (G1 Evacuation Pause)
Event: 2232.977 Executing VM operation: G1CollectForAllocation (G1 Evacuation Pause) done
Event: 2233.089 Executing VM operation: G1PauseRemark
Event: 2233.109 Executing VM operation: G1PauseRemark done
Event: 2233.165 Executing VM operation: G1PauseCleanup
Event: 2233.165 Executing VM operation: G1PauseCleanup done
Event: 2234.041 Executing VM operation: G1CollectForAllocation (G1 Evacuation Pause)
Event: 2234.077 Executing VM operation: G1CollectForAllocation (G1 Evacuation Pause) done
Event: 2235.017 Executing VM operation: G1CollectForAllocation (G1 Evacuation Pause)
Event: 2235.058 Executing VM operation: G1CollectForAllocation (G1 Evacuation Pause) done
Event: 2236.027 Executing VM operation: G1CollectForAllocation (G1 Evacuation Pause)
Event: 2236.061 Executing VM operation: G1CollectForAllocation (G1 Evacuation Pause) done
Event: 2236.262 Executing VM operation: G1PauseRemark
Event: 2236.279 Executing VM operation: G1PauseRemark done
Event: 2236.377 Executing VM operation: G1PauseCleanup
Event: 2236.377 Executing VM operation: G1PauseCleanup done
Event: 2236.942 Executing VM operation: G1CollectForAllocation (G1 Evacuation Pause)
Event: 2236.982 Executing VM operation: G1CollectForAllocation (G1 Evacuation Pause) done
Event: 2238.023 Executing VM operation: G1CollectForAllocation (G1 Evacuation Pause)

Memory protections (0 events):
No events

Nmethod flushes (20 events):
Event: 2218.644 Thread 0x0000018fffa78490 flushing  nmethod 0x0000018f89b7c390
Event: 2223.429 Thread 0x0000018fffa78490 flushing  nmethod 0x0000018f887afb10
Event: 2223.429 Thread 0x0000018fffa78490 flushing  nmethod 0x0000018f888c6610
Event: 2223.429 Thread 0x0000018fffa78490 flushing  nmethod 0x0000018f8976e490
Event: 2223.429 Thread 0x0000018fffa78490 flushing  nmethod 0x0000018f8a8bc010
Event: 2223.429 Thread 0x0000018fffa78490 flushing  nmethod 0x0000018f8a9fb810
Event: 2223.429 Thread 0x0000018fffa78490 flushing  nmethod 0x0000018f8914d410
Event: 2226.614 Thread 0x0000018fffa78490 flushing  nmethod 0x0000018f8a283090
Event: 2226.614 Thread 0x0000018fffa78490 flushing  nmethod 0x0000018f8a7f1390
Event: 2226.614 Thread 0x0000018fffa78490 flushing  nmethod 0x0000018f8a390b90
Event: 2226.614 Thread 0x0000018fffa78490 flushing  nmethod 0x0000018f88c8f790
Event: 2226.614 Thread 0x0000018fffa78490 flushing  nmethod 0x0000018f8aa6f510
Event: 2230.002 Thread 0x0000018fffa78490 flushing  nmethod 0x0000018f8a7f8110
Event: 2230.002 Thread 0x0000018fffa78490 flushing  nmethod 0x0000018f88a14e90
Event: 2230.002 Thread 0x0000018fffa78490 flushing  nmethod 0x0000018f888d8490
Event: 2230.002 Thread 0x0000018fffa78490 flushing  nmethod 0x0000018f8921e510
Event: 2233.108 Thread 0x0000018fffa78490 flushing  nmethod 0x0000018f8a8bd390
Event: 2236.278 Thread 0x0000018fffa78490 flushing  nmethod 0x0000018f8aaaf010
Event: 2236.278 Thread 0x0000018fffa78490 flushing  nmethod 0x0000018f906c8910
Event: 2236.278 Thread 0x0000018fffa78490 flushing  nmethod 0x0000018f89eb5b90

Events (20 events):
Event: 1795.924 Thread 0x0000018fffaa2090 Thread added: 0x0000018fe97c5cc0
Event: 1795.924 Thread 0x0000018fffaa2090 Thread added: 0x0000018fe97c6a60
Event: 1798.138 Thread 0x0000018fe97c6a60 Thread exited: 0x0000018fe97c6a60
Event: 1798.564 Thread 0x0000018fe97c5cc0 Thread exited: 0x0000018fe97c5cc0
Event: 1828.402 Thread 0x0000018fffaa2090 Thread added: 0x0000018fec2530a0
Event: 1829.667 Thread 0x0000018fec2530a0 Thread exited: 0x0000018fec2530a0
Event: 1846.018 Thread 0x0000018fffaa2090 Thread added: 0x0000018febce0ac0
Event: 1846.018 Thread 0x0000018fffaa2090 Thread added: 0x0000018febce2600
Event: 1846.596 Thread 0x0000018febce2600 Thread exited: 0x0000018febce2600
Event: 1846.706 Thread 0x0000018febce0ac0 Thread exited: 0x0000018febce0ac0
Event: 1892.071 Thread 0x0000018fffaa2090 Thread added: 0x0000018fe97c6a60
Event: 1892.071 Thread 0x0000018fffaa2090 Thread added: 0x0000018fe97c5cc0
Event: 1893.475 Thread 0x0000018fe97c5cc0 Thread exited: 0x0000018fe97c5cc0
Event: 1893.475 Thread 0x0000018fe97c6a60 Thread exited: 0x0000018fe97c6a60
Event: 1940.193 Thread 0x0000018fffaa2090 Thread added: 0x0000018fe94f8c70
Event: 1940.193 Thread 0x0000018fffaa2090 Thread added: 0x0000018fe94f9a10
Event: 1940.668 Thread 0x0000018fe94f9a10 Thread exited: 0x0000018fe94f9a10
Event: 1941.406 Thread 0x0000018fe94f8c70 Thread exited: 0x0000018fe94f8c70
Event: 2189.683 Thread 0x0000018fffacbb90 Thread added: 0x0000018fec253770
Event: 2191.684 Thread 0x0000018fec253770 Thread exited: 0x0000018fec253770


Dynamic libraries:
0x00007ff7a0740000 - 0x00007ff7a074e000 	C:\Program Files\Eclipse Adoptium\jdk-21.0.8.9-hotspot\bin\java.exe
0x00007ff93f800000 - 0x00007ff93fa69000 	C:\WINDOWS\SYSTEM32\ntdll.dll
0x00007ff93e7d0000 - 0x00007ff93e899000 	C:\WINDOWS\System32\KERNEL32.DLL
0x00007ff93cda0000 - 0x00007ff93d193000 	C:\WINDOWS\System32\KERNELBASE.dll
0x00007ff93d1a0000 - 0x00007ff93d2eb000 	C:\WINDOWS\System32\ucrtbase.dll
0x00007ff906520000 - 0x00007ff906538000 	C:\Program Files\Eclipse Adoptium\jdk-21.0.8.9-hotspot\bin\jli.dll
0x00007ff93dee0000 - 0x00007ff93e0a4000 	C:\WINDOWS\System32\USER32.dll
0x00007ff906440000 - 0x00007ff90645e000 	C:\Program Files\Eclipse Adoptium\jdk-21.0.8.9-hotspot\bin\VCRUNTIME140.dll
0x00007ff93d2f0000 - 0x00007ff93d317000 	C:\WINDOWS\System32\win32u.dll
0x00007ff93f540000 - 0x00007ff93f56b000 	C:\WINDOWS\System32\GDI32.dll
0x00007ff922a00000 - 0x00007ff922c93000 	C:\WINDOWS\WinSxS\amd64_microsoft.windows.common-controls_6595b64144ccf1df_6.0.26100.5074_none_3e0d6f78e32fd63f\COMCTL32.dll
0x00007ff93c990000 - 0x00007ff93cabd000 	C:\WINDOWS\System32\gdi32full.dll
0x00007ff93ef70000 - 0x00007ff93f019000 	C:\WINDOWS\System32\msvcrt.dll
0x00007ff93ccf0000 - 0x00007ff93cd93000 	C:\WINDOWS\System32\msvcp_win.dll
0x00007ff93e0b0000 - 0x00007ff93e0df000 	C:\WINDOWS\System32\IMM32.DLL
0x00007ff921900000 - 0x00007ff92190c000 	C:\Program Files\Eclipse Adoptium\jdk-21.0.8.9-hotspot\bin\vcruntime140_1.dll
0x00007ff8d0750000 - 0x00007ff8d07dd000 	C:\Program Files\Eclipse Adoptium\jdk-21.0.8.9-hotspot\bin\msvcp140.dll
0x00007ff8cf9b0000 - 0x00007ff8d0747000 	C:\Program Files\Eclipse Adoptium\jdk-21.0.8.9-hotspot\bin\server\jvm.dll
0x00007ff93ed50000 - 0x00007ff93ee04000 	C:\WINDOWS\System32\ADVAPI32.dll
0x00007ff93eca0000 - 0x00007ff93ed46000 	C:\WINDOWS\System32\sechost.dll
0x00007ff93f420000 - 0x00007ff93f538000 	C:\WINDOWS\System32\RPCRT4.dll
0x00007ff93eef0000 - 0x00007ff93ef64000 	C:\WINDOWS\System32\WS2_32.dll
0x00007ff93c7f0000 - 0x00007ff93c84e000 	C:\WINDOWS\SYSTEM32\POWRPROF.dll
0x00007ff931cf0000 - 0x00007ff931d25000 	C:\WINDOWS\SYSTEM32\WINMM.dll
0x00007ff9210d0000 - 0x00007ff9210db000 	C:\WINDOWS\SYSTEM32\VERSION.dll
0x00007ff93c7d0000 - 0x00007ff93c7e4000 	C:\WINDOWS\SYSTEM32\UMPDC.dll
0x00007ff93b6f0000 - 0x00007ff93b70b000 	C:\WINDOWS\SYSTEM32\kernel.appcore.dll
0x00007ff915090000 - 0x00007ff91509a000 	C:\Program Files\Eclipse Adoptium\jdk-21.0.8.9-hotspot\bin\jimage.dll
0x00007ff939c20000 - 0x00007ff939e62000 	C:\WINDOWS\SYSTEM32\DBGHELP.DLL
0x00007ff93f0a0000 - 0x00007ff93f41b000 	C:\WINDOWS\System32\combase.dll
0x00007ff93ee10000 - 0x00007ff93eee7000 	C:\WINDOWS\System32\OLEAUT32.dll
0x00007ff91fdd0000 - 0x00007ff91fe0d000 	C:\WINDOWS\SYSTEM32\dbgcore.DLL
0x00007ff93d530000 - 0x00007ff93d5c9000 	C:\WINDOWS\System32\bcryptPrimitives.dll
0x00007ff905cf0000 - 0x00007ff905d0f000 	C:\Program Files\Eclipse Adoptium\jdk-21.0.8.9-hotspot\bin\java.dll
0x00007ff93d790000 - 0x00007ff93dedd000 	C:\WINDOWS\System32\SHELL32.dll
0x00007ff93cac0000 - 0x00007ff93cc2c000 	C:\WINDOWS\System32\wintypes.dll
0x00007ff93a5b0000 - 0x00007ff93ae09000 	C:\WINDOWS\SYSTEM32\windows.storage.dll
0x00007ff93e1f0000 - 0x00007ff93e2e0000 	C:\WINDOWS\System32\SHCORE.dll
0x00007ff93f750000 - 0x00007ff93f7b2000 	C:\WINDOWS\System32\shlwapi.dll
0x00007ff93c8b0000 - 0x00007ff93c8d9000 	C:\WINDOWS\SYSTEM32\profapi.dll
0x00007ff8d9920000 - 0x00007ff8d99f7000 	C:\Program Files\Eclipse Adoptium\jdk-21.0.8.9-hotspot\bin\jsvml.dll
0x00007ff90d3f0000 - 0x00007ff90d400000 	C:\Program Files\Eclipse Adoptium\jdk-21.0.8.9-hotspot\bin\net.dll
0x00007ff92d260000 - 0x00007ff92d37f000 	C:\WINDOWS\SYSTEM32\WINHTTP.dll
0x00007ff93bcf0000 - 0x00007ff93bd5b000 	C:\WINDOWS\system32\mswsock.dll
0x00007ff905f10000 - 0x00007ff905f26000 	C:\Program Files\Eclipse Adoptium\jdk-21.0.8.9-hotspot\bin\nio.dll
0x00007ff8ff480000 - 0x00007ff8ff498000 	C:\Program Files\Eclipse Adoptium\jdk-21.0.8.9-hotspot\bin\zip.dll
0x00007ff93bf90000 - 0x00007ff93bfab000 	C:\WINDOWS\SYSTEM32\CRYPTSP.dll
0x00007ff93b6b0000 - 0x00007ff93b6eb000 	C:\WINDOWS\system32\rsaenh.dll
0x00007ff93bd90000 - 0x00007ff93bdbb000 	C:\WINDOWS\SYSTEM32\USERENV.dll
0x00007ff93c880000 - 0x00007ff93c8a6000 	C:\WINDOWS\SYSTEM32\bcrypt.dll
0x00007ff93bfb0000 - 0x00007ff93bfbc000 	C:\WINDOWS\SYSTEM32\CRYPTBASE.dll
0x00007ff93b0d0000 - 0x00007ff93b104000 	C:\WINDOWS\SYSTEM32\IPHLPAPI.DLL
0x00007ff93e1e0000 - 0x00007ff93e1ea000 	C:\WINDOWS\System32\NSI.dll
0x00007ff90d2e0000 - 0x00007ff90d2f0000 	C:\Program Files\Eclipse Adoptium\jdk-21.0.8.9-hotspot\bin\verify.dll
0x00007ff8d0810000 - 0x00007ff8d08f9000 	C:\Users\ASUS\AppData\Local\Temp\sqlite-3.41.2.1-27999731-7fa0-4d6f-af40-8deb6573f431-sqlitejdbc.dll

JVMTI agents: none

dbghelp: loaded successfully - version: 4.0.5 - missing functions: none
symbol engine: initialized successfully - sym options: 0x614 - pdb path: .;C:\Program Files\Eclipse Adoptium\jdk-21.0.8.9-hotspot\bin;C:\WINDOWS\SYSTEM32;C:\WINDOWS\WinSxS\amd64_microsoft.windows.common-controls_6595b64144ccf1df_6.0.26100.5074_none_3e0d6f78e32fd63f;C:\Program Files\Eclipse Adoptium\jdk-21.0.8.9-hotspot\bin\server;C:\Users\ASUS\AppData\Local\Temp

VM Arguments:
jvm_args: -DkotlinLanguageServer.version=1.3.13 
java_command: org.javacs.kt.MainKt
java_class_path (initial): c:\Users\ASUS\AppData\Roaming\Code\User\globalStorage\fwcd.kotlin\langServerInstall\server\lib\server-1.3.13.jar;c:\Users\ASUS\AppData\Roaming\Code\User\globalStorage\fwcd.kotlin\langServerInstall\server\lib\shared-1.3.13.jar;c:\Users\ASUS\AppData\Roaming\Code\User\globalStorage\fwcd.kotlin\langServerInstall\server\lib\kotlin-scripting-jvm-host-unshaded-2.1.0.jar;c:\Users\ASUS\AppData\Roaming\Code\User\globalStorage\fwcd.kotlin\langServerInstall\server\lib\kotlin-scripting-compiler-2.1.0.jar;c:\Users\ASUS\AppData\Roaming\Code\User\globalStorage\fwcd.kotlin\langServerInstall\server\lib\ktfmt-b5d31d1.jar;c:\Users\ASUS\AppData\Roaming\Code\User\globalStorage\fwcd.kotlin\langServerInstall\server\lib\kotlin-compiler-2.1.0.jar;c:\Users\ASUS\AppData\Roaming\Code\User\globalStorage\fwcd.kotlin\langServerInstall\server\lib\exposed-dao-0.37.3.jar;c:\Users\ASUS\AppData\Roaming\Code\User\globalStorage\fwcd.kotlin\langServerInstall\server\lib\exposed-jdbc-0.37.3.jar;c:\Users\ASUS\AppData\Roaming\Code\User\globalStorage\fwcd.kotlin\langServerInstall\server\lib\exposed-core-0.37.3.jar;c:\Users\ASUS\AppData\Roaming\Code\User\globalStorage\fwcd.kotlin\langServerInstall\server\lib\kotlin-scripting-compiler-impl-2.1.0.jar;c:\Users\ASUS\AppData\Roaming\Code\User\globalStorage\fwcd.kotlin\langServerInstall\server\lib\kotlin-reflect-2.1.0.jar;c:\Users\ASUS\AppData\Roaming\Code\User\globalStorage\fwcd.kotlin\langServerInstall\server\lib\kotlin-scripting-jvm-2.1.0.jar;c:\Users\ASUS\AppData\Roaming\Code\User\globalStorage\fwcd.kotlin\langServerInstall\server\lib\kotlin-scripting-common-2.1.0.jar;c:\Users\ASUS\AppData\Roaming\Code\User\globalStorage\fwcd.kotlin\langServerInstall\server\lib\kotlinx-coroutines-core-jvm-1.6.4.jar;c:\Users\ASUS\AppData\Roaming\Code\User\globalStorage\fwcd.kotlin\langServerInstall\server\lib\kotlin-stdlib-jdk8-2.1.0.jar;c:\Users\ASUS\AppData\Roaming\Code\User\globalStorage\fwcd.kotlin\langServerInstall\server\lib\kotlin-stdlib-jdk7-2.1.0.jar;c:\Users\ASUS\AppData\Roaming\Code\User\globalStorage\fwcd.kotlin\langServerInstall\server\lib\kotlin-stdlib-2.1.0.jar;c:\Users\ASUS\AppData\Roaming\Code\User\globalStorage\fwcd.kotlin\langServerInstall\server\lib\org.eclipse.lsp4j-0.21.2.jar;c:\Users\ASUS\AppData\Roaming\Code\User\globalStorage\fwcd.kotlin\langServerInstall\server\lib\org.eclipse.lsp4j.jsonrpc-0.21.2.jar;c:\Users\ASUS\AppData\Roaming\Code\User\globalStorage\fwcd.kotlin\langServerInstall\server\lib\kotlin-sam-with-receiver-compiler-plugin-2.1.0.jar;c:\Users\ASUS\AppData\Roaming\Code\User\globalStorage\fwcd.kotlin\langServerInstall\server\lib\fernflower-1.0.jar;c:\Users\ASUS\AppData\Roaming\Code\User\globalStorage\fwcd.kotlin\langServerInstall\server\lib\h2-1.4.200.jar;c:\Users\ASUS\AppData\Roaming\Code\User\globalStorage\fwcd.kotlin\langServerInstall\server\lib\jcommander-1.78.jar;c:\Users\ASUS\AppData\Roaming\Code\User\globalStorage\fwcd.kotlin\langServerInstall\server\lib\sqlite-jdbc-3.41.2.1.jar;c:\Users\ASUS\AppData\Roaming\Code\User\globalStorage\fwcd.kotlin\langServerInstall\server\lib\google-java-format-1.8.jar;c:\Users\ASUS\AppData\Roaming\Code\User\globalStorage\fwcd.kotlin\langServerInstall\server\lib\guava-33.3.0-jre.jar;c:\Users\ASUS\AppData\Roaming\Code\User\globalStorage\fwcd.kotlin\langServerInstall\server\lib\annotations-13.0.jar;c:\Users\ASUS\AppData\Roaming\Code\User\globalStorage\fwcd.kotlin\langServerInstall\server\lib\gson-2.10.1.jar;c:\Users\ASUS\AppData\Roaming\Code\User\globalStorage\fwcd.kotlin\langServerInstall\server\lib\kotlin-script-runtime-2.1.0.jar;c:\Users\ASUS\AppData\Roaming\Code\User\globalStorage\fwcd.kotlin\langServerInstall\server\lib\trove4j-1.0.20200330.jar;c:\Users\ASUS\AppData\Roaming\Code\User\globalStorage\fwcd.kotlin\langServerInstall\server\lib\jline-3.24.1.jar;c:\Users\ASUS\AppData\Roaming\Code\User\globalStorage\fwcd.kotlin\langServerInstall\server\lib\slf4j-api-1.7.25.jar;c:\Users\ASUS\AppData\Roaming\Code\User\globalStorage\fwcd.kotlin\langServerInstall\server\lib\jna-4.2.2.jar;c:\Users\ASUS\AppData\Roaming\Code\User\globalStorage\fwcd.kotlin\langServerInstall\server\lib\failureaccess-1.0.2.jar;c:\Users\ASUS\AppData\Roaming\Code\User\globalStorage\fwcd.kotlin\langServerInstall\server\lib\listenablefuture-9999.0-empty-to-avoid-conflict-with-guava.jar;c:\Users\ASUS\AppData\Roaming\Code\User\globalStorage\fwcd.kotlin\langServerInstall\server\lib\jsr305-3.0.2.jar;c:\Users\ASUS\AppData\Roaming\Code\User\globalStorage\fwcd.kotlin\langServerInstall\server\lib\checker-qual-3.43.0.jar;c:\Users\ASUS\AppData\Roaming\Code\User\globalStorage\fwcd.kotlin\langServerInstall\server\lib\error_prone_annotations-2.28.0.jar
Launcher Type: SUN_STANDARD

[Global flags]
     intx CICompilerCount                          = 4                                         {product} {ergonomic}
     uint ConcGCThreads                            = 2                                         {product} {ergonomic}
     uint G1ConcRefinementThreads                  = 8                                         {product} {ergonomic}
   size_t G1HeapRegionSize                         = 4194304                                   {product} {ergonomic}
    uintx GCDrainStackTargetSize                   = 64                                        {product} {ergonomic}
   size_t InitialHeapSize                          = 331350016                                 {product} {ergonomic}
   size_t MarkStackSize                            = 4194304                                   {product} {ergonomic}
   size_t MaxHeapSize                              = 5289017344                                {product} {ergonomic}
   size_t MaxNewSize                               = 3170893824                                {product} {ergonomic}
   size_t MinHeapDeltaBytes                        = 4194304                                   {product} {ergonomic}
   size_t MinHeapSize                              = 8388608                                   {product} {ergonomic}
    uintx NonNMethodCodeHeapSize                   = 5839372                                {pd product} {ergonomic}
    uintx NonProfiledCodeHeapSize                  = 122909434                              {pd product} {ergonomic}
    uintx ProfiledCodeHeapSize                     = 122909434                              {pd product} {ergonomic}
    uintx ReservedCodeCacheSize                    = 251658240                              {pd product} {ergonomic}
     bool SegmentedCodeCache                       = true                                      {product} {ergonomic}
   size_t SoftMaxHeapSize                          = 5289017344                             {manageable} {ergonomic}
     bool UseCompressedOops                        = true                           {product lp64_product} {ergonomic}
     bool UseG1GC                                  = true                                      {product} {ergonomic}
     bool UseLargePagesIndividualAllocation        = false                                  {pd product} {ergonomic}

Logging:
Log output configuration:
 #0: stdout all=warning uptime,level,tags foldmultilines=false
 #1: stderr all=off uptime,level,tags foldmultilines=false

Environment Variables:
JAVA_HOME=C:\Program Files\Eclipse Adoptium\jdk-21.0.8.9-hotspot\
CLASSPATH=c:\Users\ASUS\AppData\Roaming\Code\User\globalStorage\fwcd.kotlin\langServerInstall\server\lib\server-1.3.13.jar;c:\Users\ASUS\AppData\Roaming\Code\User\globalStorage\fwcd.kotlin\langServerInstall\server\lib\shared-1.3.13.jar;c:\Users\ASUS\AppData\Roaming\Code\User\globalStorage\fwcd.kotlin\langServerInstall\server\lib\kotlin-scripting-jvm-host-unshaded-2.1.0.jar;c:\Users\ASUS\AppData\Roaming\Code\User\globalStorage\fwcd.kotlin\langServerInstall\server\lib\kotlin-scripting-compiler-2.1.0.jar;c:\Users\ASUS\AppData\Roaming\Code\User\globalStorage\fwcd.kotlin\langServerInstall\server\lib\ktfmt-b5d31d1.jar;c:\Users\ASUS\AppData\Roaming\Code\User\globalStorage\fwcd.kotlin\langServerInstall\server\lib\kotlin-compiler-2.1.0.jar;c:\Users\ASUS\AppData\Roaming\Code\User\globalStorage\fwcd.kotlin\langServerInstall\server\lib\exposed-dao-0.37.3.jar;c:\Users\ASUS\AppData\Roaming\Code\User\globalStorage\fwcd.kotlin\langServerInstall\server\lib\exposed-jdbc-0.37.3.jar;c:\Users\ASUS\AppData\Roaming\Code\User\globalStorage\fwcd.kotlin\langServerInstall\server\lib\exposed-core-0.37.3.jar;c:\Users\ASUS\AppData\Roaming\Code\User\globalStorage\fwcd.kotlin\langServerInstall\server\lib\kotlin-scripting-compiler-impl-2.1.0.jar;c:\Users\ASUS\AppData\Roaming\Code\User\globalStorage\fwcd.kotlin\langServerInstall\server\lib\kotlin-reflect-2.1.0.jar;c:\Users\ASUS\AppData\Roaming\Code\User\globalStorage\fwcd.kotlin\langServerInstall\server\lib\kotlin-scripting-jvm-2.1.0.jar;c:\Users\ASUS\AppData\Roaming\Code\User\globalStorage\fwcd.kotlin\langServerInstall\server\lib\kotlin-scripting-common-2.1.0.jar;c:\Users\ASUS\AppData\Roaming\Code\User\globalStorage\fwcd.kotlin\langServerInstall\server\lib\kotlinx-coroutines-core-jvm-1.6.4.jar;c:\Users\ASUS\AppData\Roaming\Code\User\globalStorage\fwcd.kotlin\langServerInstall\server\lib\kotlin-stdlib-jdk8-2.1.0.jar;c:\Users\ASUS\AppData\Roaming\Code\User\globalStorage\fwcd.kotlin\langServerInstall\server\lib\kotlin-stdlib-jdk7-2.1.0.jar;c:\Users\ASUS\AppData\Roaming\Code\User\globalStorage\fwcd.kotlin\langServerInstall\server\lib\kotlin-stdlib-2.1.0.jar;c:\Users\ASUS\AppData\Roaming\Code\User\globalStorage\fwcd.kotlin\langServerInstall\server\lib\org.eclipse.lsp4j-0.21.2.jar;c:\Users\ASUS\AppData\Roaming\Code\User\globalStorage\fwcd.kotlin\langServerInstall\server\lib\org.eclipse.lsp4j.jsonrpc-0.21.2.jar;c:\Users\ASUS\AppData\Roaming\Code\User\globalStorage\fwcd.kotlin\langServerInstall\server\lib\kotlin-sam-with-receiver-compiler-plugin-2.1.0.jar;c:\Users\ASUS\AppData\Roaming\Code\User\globalStorage\fwcd.kotlin\langServerInstall\server\lib\fernflower-1.0.jar;c:\Users\ASUS\AppData\Roaming\Code\User\globalStorage\fwcd.kotlin\langServerInstall\server\lib\h2-1.4.200.jar;c:\Users\ASUS\AppData\Roaming\Code\User\globalStorage\fwcd.kotlin\langServerInstall\server\lib\jcommander-1.78.jar;c:\Users\ASUS\AppData\Roaming\Code\User\globalStorage\fwcd.kotlin\langServerInstall\server\lib\sqlite-jdbc-3.41.2.1.jar;c:\Users\ASUS\AppData\Roaming\Code\User\globalStorage\fwcd.kotlin\langServerInstall\server\lib\google-java-format-1.8.jar;c:\Users\ASUS\AppData\Roaming\Code\User\globalStorage\fwcd.kotlin\langServerInstall\server\lib\guava-33.3.0-jre.jar;c:\Users\ASUS\AppData\Roaming\Code\User\globalStorage\fwcd.kotlin\langServerInstall\server\lib\annotations-13.0.jar;c:\Users\ASUS\AppData\Roaming\Code\User\globalStorage\fwcd.kotlin\langServerInstall\server\lib\gson-2.10.1.jar;c:\Users\ASUS\AppData\Roaming\Code\User\globalStorage\fwcd.kotlin\langServerInstall\server\lib\kotlin-script-runtime-2.1.0.jar;c:\Users\ASUS\AppData\Roaming\Code\User\globalStorage\fwcd.kotlin\langServerInstall\server\lib\trove4j-1.0.20200330.jar;c:\Users\ASUS\AppData\Roaming\Code\User\globalStorage\fwcd.kotlin\langServerInstall\server\lib\jline-3.24.1.jar;c:\Users\ASUS\AppData\Roaming\Code\User\globalStorage\fwcd.kotlin\langServerInstall\server\lib\slf4j-api-1.7.25.jar;c:\Users\ASUS\AppData\Roaming\Code\User\globalStorage\fwcd.kotlin\langServerInstall\server\lib\jna-4.2.2.jar;c:\Users\ASUS\AppData\Roaming\Code\User\globalStorage\fwcd.kotlin\langServerInstall\server\lib\failureaccess-1.0.2.jar;c:\Users\ASUS\AppData\Roaming\Code\User\globalStorage\fwcd.kotlin\langServerInstall\server\lib\listenablefuture-9999.0-empty-to-avoid-conflict-with-guava.jar;c:\Users\ASUS\AppData\Roaming\Code\User\globalStorage\fwcd.kotlin\langServerInstall\server\lib\jsr305-3.0.2.jar;c:\Users\ASUS\AppData\Roaming\Code\User\globalStorage\fwcd.kotlin\langServerInstall\server\lib\checker-qual-3.43.0.jar;c:\Users\ASUS\AppData\Roaming\Code\User\globalStorage\fwcd.kotlin\langServerInstall\server\lib\error_prone_annotations-2.28.0.jar
PATH=C:\Program Files\Eclipse Adoptium\jdk-21.0.8.9-hotspot\bin;C:\Users\ASUS\AppData\Local\Programs\PhpWebStudy-Data\env\php;C:\Users\ASUS\AppData\Local\Programs\PhpWebStudy-Data\env\node;C:\Users\ASUS\AppData\Local\Programs\PhpWebStudy-Data\env\nginx;C:\Users\ASUS\AppData\Local\Programs\PhpWebStudy-Data\env\mysql\bin;C:\Users\ASUS\AppData\Local\Programs\PhpWebStudy-Data\env\mysql;C:\Users\ASUS\AppData\Local\Programs\PhpWebStudy-Data\env\composer;C:\Program Files (x86)\Common Files\Intel\Shared Libraries\redist\intel64\compiler;C:\Windows\system32;C:\Windows;C:\Windows\System32\Wbem;C:\Windows\System32\WindowsPowerShell\v1.0\;C:\Windows\System32\OpenSSH\;C:\MinGW\bin;c:\Users\ASUS\AppData\Local\Programs\cursor\resources\app\bin;C:\Users\ASUS\AppData\Local\Yarn\bin;C:\laragon\bin\php\php-8.1.10-Win32-vs16-x64;C:\ProgramData\ComposerSetup\bin;C:\Program Files\Docker\Docker\resources\bin;C:\Program Files\swipl\bin;C:\WINDOWS\system32;C:\WINDOWS;C:\WINDOWS\System32\Wbem;C:\WINDOWS\System32\WindowsPowerShell\v1.0\;C:\WINDOWS\System32\OpenSSH\;C:\Users\ASUS\AppData\Roaming\Composer\vendor\bin;C:\Program Files\Go\bin;C:\Program Files\k6\;C:\Program Files\GitHub CLI\;C:\Program Files\Neovim\bin;C:\ProgramData\chocolatey\bin;C:\Program Files\nodejs\;C:\Program Files\Git\cmd;C:\laragon\bin;C:\laragon\bin\apache\httpd-2.4.54-win64-VS16\bin;C:\laragon\bin\composer;C:\laragon\bin\dbeaver;C:\laragon\bin\git\bin;C:\laragon\bin\git\cmd;C:\laragon\bin\git\mingw64\bin;C:\laragon\bin\git\usr\bin;C:\laragon\bin\laragon\utils;C:\laragon\bin\mysql\mysql-8.0.30-winx64\bin;C:\laragon\bin\nginx\nginx-1.28.0;C:\laragon\bin\ngrok;C:\laragon\bin\nodejs\node-v22.17.0-win-x64;C:\laragon\bin\notepad++;C:\laragon\bin\php\php-8.4.8-Win32-vs17-x64;C:\laragon\bin\postgresql\pgsql-17.5-2\bin;C:\laragon\bin\python\Python-3.13.5;C:\laragon\bin\redis\redis-x64-5.0.14.1;C:\laragon\bin\telnet;C:\laragon\usr\bin;C:\Users\ASUS\AppData\Local\Yarn\config\global\node_modules\.bin;C:\Users\ASUS\AppData\Roaming\Composer\vendor\bin;C:\Users\ASUS\AppData\Local\Programs\Python\Python312\Scripts\;C:\Users\ASUS\AppData\Local\Programs\Python\Python312\;C:\Users\ASUS\AppData\Local\Microsoft\WindowsApps;C:\Users\ASUS\AppData\Local\Programs\Microsoft VS Code\bin;C:\Program Files\JetBrains\PhpStorm 2024.2.4\bin;C:\Users\ASUS\go\bin;C:\Program Files\JetBrains\GoLand 2024.3.2.1\bin;C:\Users\ASUS\AppData\Local\Yarn\bin;C:\Program Files\JetBrains\WebStorm 2025.1\bin;C:\ProgramData\ComposerSetup\bin;C:\Users\ASUS\AppData\Local\Programs\MiKTeX\miktex\bin\x64\;C:\Users\ASUS\AppData\Local\Android\Sdk\platform-tools;C:\Users\ASUS\AppData\Local\Android\Sdk\emulator;C:\flutter\bin;C:\protoc\bin;C:\Users\ASUS\AppData\Local\GitHubDesktop\bin;C:\Users\ASUS\grpcwebproxy\dist;C:\Users\ASUS\AppData\Roaming\npm
USERNAME=ASUS
OS=Windows_NT
PROCESSOR_IDENTIFIER=Intel64 Family 6 Model 154 Stepping 4, GenuineIntel
TMP=C:\Users\ASUS\AppData\Local\Temp
TEMP=C:\Users\ASUS\AppData\Local\Temp




Periodic native trim disabled

---------------  S Y S T E M  ---------------

OS:
 Windows 11 , 64 bit Build 26100 (10.0.26100.5074)
OS uptime: 0 days 7:54 hours
Hyper-V role detected

CPU: total 8 (initial active 8) (4 cores per cpu, 2 threads per core) family 6 model 154 stepping 4 microcode 0x42c, cx8, cmov, fxsr, ht, mmx, 3dnowpref, sse, sse2, sse3, ssse3, sse4.1, sse4.2, popcnt, lzcnt, tsc, tscinvbit, avx, avx2, aes, erms, clmul, bmi1, bmi2, adx, sha, fma, vzeroupper, clflush, clflushopt, clwb, hv, serialize, rdtscp, rdpid, fsrm, f16c, cet_ibt, cet_ss
Processor Information for processor 0
  Max Mhz: 1200, Current Mhz: 1200, Mhz Limit: 1200
Processor Information for processor 1
  Max Mhz: 1200, Current Mhz: 1200, Mhz Limit: 1200
Processor Information for processor 2
  Max Mhz: 1200, Current Mhz: 1200, Mhz Limit: 1200
Processor Information for processor 3
  Max Mhz: 1200, Current Mhz: 1200, Mhz Limit: 1200
Processor Information for processor 4
  Max Mhz: 1200, Current Mhz: 900, Mhz Limit: 900
Processor Information for processor 5
  Max Mhz: 1200, Current Mhz: 900, Mhz Limit: 900
Processor Information for processor 6
  Max Mhz: 1200, Current Mhz: 900, Mhz Limit: 900
Processor Information for processor 7
  Max Mhz: 1200, Current Mhz: 900, Mhz Limit: 900

Memory: 4k page, system-wide physical 20165M (2311M free)
TotalPageFile size 24581M (AvailPageFile size 179M)
current process WorkingSet (physical memory assigned to process): 1299M, peak: 1730M
current process commit charge ("private bytes"): 1385M, peak: 1728M

vm_info: OpenJDK 64-Bit Server VM (21.0.8+9-LTS) for windows-amd64 JRE (21.0.8+9-LTS), built on 2025-07-15T00:00:00Z by "admin" with MS VC++ 17.7 (VS2022)

END.
